This file contains any messages produced by compilers while
running configure, to aid debugging if configure makes a mistake.

It was created by htop configure 3.3.0, which was
generated by GNU Autoconf 2.71.  Invocation command line was

  $ ./configure --prefix=/home/vin/Desktop/Practice/HPC-InterestGroup/htop-3.3.0

## --------- ##
## Platform. ##
## --------- ##

hostname = vin
uname -m = x86_64
uname -r = 6.5.0-27-generic
uname -s = Linux
uname -v = #28~22.04.1-Ubuntu SMP PREEMPT_DYNAMIC Fri Mar 15 10:51:06 UTC 2

/usr/bin/uname -p = x86_64
/bin/uname -X     = unknown

/bin/arch              = x86_64
/usr/bin/arch -k       = unknown
/usr/convex/getsysinfo = unknown
/usr/bin/hostinfo      = unknown
/bin/machine           = unknown
/usr/bin/oslevel       = unknown
/bin/universe          = unknown

PATH: /home/vin/anaconda3/bin/
PATH: /home/vin/anaconda3/condabin/
PATH: /home/vin/.local/bin/
PATH: /usr/local/sbin/
PATH: /usr/local/bin/
PATH: /usr/sbin/
PATH: /usr/bin/
PATH: /sbin/
PATH: /bin/
PATH: /usr/games/
PATH: /usr/local/games/
PATH: /snap/bin/
PATH: /snap/bin/
PATH: /home/vin/Desktop/Practice/HPC-InterestGroup/btop/bin/


## ----------- ##
## Core tests. ##
## ----------- ##

configure:2622: looking for aux files: compile missing install-sh config.guess config.sub
configure:2635:  trying ./build-aux/
configure:2664:   ./build-aux/compile found
configure:2664:   ./build-aux/missing found
configure:2646:   ./build-aux/install-sh found
configure:2664:   ./build-aux/config.guess found
configure:2664:   ./build-aux/config.sub found
configure:2788: checking build system type
configure:2803: result: x86_64-pc-linux-gnu
configure:2823: checking host system type
configure:2837: result: x86_64-pc-linux-gnu
configure:2874: checking for a BSD-compatible install
configure:2947: result: /usr/bin/install -c
configure:2958: checking whether build environment is sane
configure:3013: result: yes
configure:3172: checking for a race-free mkdir -p
configure:3216: result: /usr/bin/mkdir -p
configure:3223: checking for gawk
configure:3258: result: no
configure:3223: checking for mawk
configure:3244: found /usr/bin/mawk
configure:3255: result: mawk
configure:3266: checking whether make sets $(MAKE)
configure:3289: result: yes
configure:3319: checking whether make supports nested variables
configure:3337: result: yes
configure:3546: checking whether make supports the include directive
configure:3561: make -f confmf.GNU && cat confinc.out
this is the am__doit target
configure:3564: $? = 0
configure:3583: result: yes (GNU style)
configure:3659: checking for gcc
configure:3680: found /usr/bin/gcc
configure:3691: result: gcc
configure:4044: checking for C compiler version
configure:4053: gcc --version >&5
gcc (Ubuntu 11.4.0-1ubuntu1~22.04) 11.4.0
Copyright (C) 2021 Free Software Foundation, Inc.
This is free software; see the source for copying conditions.  There is NO
warranty; not even for MERCHANTABILITY or FITNESS FOR A PARTICULAR PURPOSE.

configure:4064: $? = 0
configure:4053: gcc -v >&5
Using built-in specs.
COLLECT_GCC=gcc
COLLECT_LTO_WRAPPER=/usr/lib/gcc/x86_64-linux-gnu/11/lto-wrapper
OFFLOAD_TARGET_NAMES=nvptx-none:amdgcn-amdhsa
OFFLOAD_TARGET_DEFAULT=1
Target: x86_64-linux-gnu
Configured with: ../src/configure -v --with-pkgversion='Ubuntu 11.4.0-1ubuntu1~22.04' --with-bugurl=file:///usr/share/doc/gcc-11/README.Bugs --enable-languages=c,ada,c++,go,brig,d,fortran,objc,obj-c++,m2 --prefix=/usr --with-gcc-major-version-only --program-suffix=-11 --program-prefix=x86_64-linux-gnu- --enable-shared --enable-linker-build-id --libexecdir=/usr/lib --without-included-gettext --enable-threads=posix --libdir=/usr/lib --enable-nls --enable-bootstrap --enable-clocale=gnu --enable-libstdcxx-debug --enable-libstdcxx-time=yes --with-default-libstdcxx-abi=new --enable-gnu-unique-object --disable-vtable-verify --enable-plugin --enable-default-pie --with-system-zlib --enable-libphobos-checking=release --with-target-system-zlib=auto --enable-objc-gc=auto --enable-multiarch --disable-werror --enable-cet --with-arch-32=i686 --with-abi=m64 --with-multilib-list=m32,m64,mx32 --enable-multilib --with-tune=generic --enable-offload-targets=nvptx-none=/build/gcc-11-XeT9lY/gcc-11-11.4.0/debian/tmp-nvptx/usr,amdgcn-amdhsa=/build/gcc-11-XeT9lY/gcc-11-11.4.0/debian/tmp-gcn/usr --without-cuda-driver --enable-checking=release --build=x86_64-linux-gnu --host=x86_64-linux-gnu --target=x86_64-linux-gnu --with-build-config=bootstrap-lto-lean --enable-link-serialization=2
Thread model: posix
Supported LTO compression algorithms: zlib zstd
gcc version 11.4.0 (Ubuntu 11.4.0-1ubuntu1~22.04) 
... rest of stderr output deleted ...
configure:4064: $? = 0
configure:4053: gcc -V >&5
gcc: error: unrecognized command-line option '-V'
gcc: fatal error: no input files
compilation terminated.
configure:4064: $? = 1
configure:4053: gcc -qversion >&5
gcc: error: unrecognized command-line option '-qversion'; did you mean '--version'?
gcc: fatal error: no input files
compilation terminated.
configure:4064: $? = 1
configure:4053: gcc -version >&5
gcc: error: unrecognized command-line option '-version'
gcc: fatal error: no input files
compilation terminated.
configure:4064: $? = 1
configure:4084: checking whether the C compiler works
configure:4106: gcc  -I//home/vin/Desktop/Practice/HPC-InterestGroup/htop-3.3.0/include  conftest.c  >&5
configure:4110: $? = 0
configure:4160: result: yes
configure:4163: checking for C compiler default output file name
configure:4165: result: a.out
configure:4171: checking for suffix of executables
configure:4178: gcc -o conftest  -I//home/vin/Desktop/Practice/HPC-InterestGroup/htop-3.3.0/include  conftest.c  >&5
configure:4182: $? = 0
configure:4205: result: 
configure:4227: checking whether we are cross compiling
configure:4235: gcc -o conftest  -I//home/vin/Desktop/Practice/HPC-InterestGroup/htop-3.3.0/include  conftest.c  >&5
configure:4239: $? = 0
configure:4246: ./conftest
configure:4250: $? = 0
configure:4265: result: no
configure:4270: checking for suffix of object files
configure:4293: gcc -c  -I//home/vin/Desktop/Practice/HPC-InterestGroup/htop-3.3.0/include conftest.c >&5
configure:4297: $? = 0
configure:4319: result: o
configure:4323: checking whether the compiler supports GNU C
configure:4343: gcc -c  -I//home/vin/Desktop/Practice/HPC-InterestGroup/htop-3.3.0/include conftest.c >&5
configure:4343: $? = 0
configure:4353: result: yes
configure:4364: checking whether gcc accepts -g
configure:4385: gcc -c -g -I//home/vin/Desktop/Practice/HPC-InterestGroup/htop-3.3.0/include conftest.c >&5
configure:4385: $? = 0
configure:4429: result: yes
configure:4449: checking for gcc option to enable C11 features
configure:4464: gcc  -c -g -O2 -I//home/vin/Desktop/Practice/HPC-InterestGroup/htop-3.3.0/include conftest.c >&5
configure:4464: $? = 0
configure:4482: result: none needed
configure:4598: checking whether gcc understands -c and -o together
configure:4621: gcc -c conftest.c -o conftest2.o
configure:4624: $? = 0
configure:4621: gcc -c conftest.c -o conftest2.o
configure:4624: $? = 0
configure:4636: result: yes
configure:4655: checking dependency style of gcc
configure:4767: result: gcc3
configure:4787: checking for stdio.h
configure:4787: gcc -c -g -O2 -I//home/vin/Desktop/Practice/HPC-InterestGroup/htop-3.3.0/include conftest.c >&5
configure:4787: $? = 0
configure:4787: result: yes
configure:4787: checking for stdlib.h
configure:4787: gcc -c -g -O2 -I//home/vin/Desktop/Practice/HPC-InterestGroup/htop-3.3.0/include conftest.c >&5
configure:4787: $? = 0
configure:4787: result: yes
configure:4787: checking for string.h
configure:4787: gcc -c -g -O2 -I//home/vin/Desktop/Practice/HPC-InterestGroup/htop-3.3.0/include conftest.c >&5
configure:4787: $? = 0
configure:4787: result: yes
configure:4787: checking for inttypes.h
configure:4787: gcc -c -g -O2 -I//home/vin/Desktop/Practice/HPC-InterestGroup/htop-3.3.0/include conftest.c >&5
configure:4787: $? = 0
configure:4787: result: yes
configure:4787: checking for stdint.h
configure:4787: gcc -c -g -O2 -I//home/vin/Desktop/Practice/HPC-InterestGroup/htop-3.3.0/include conftest.c >&5
configure:4787: $? = 0
configure:4787: result: yes
configure:4787: checking for strings.h
configure:4787: gcc -c -g -O2 -I//home/vin/Desktop/Practice/HPC-InterestGroup/htop-3.3.0/include conftest.c >&5
configure:4787: $? = 0
configure:4787: result: yes
configure:4787: checking for sys/stat.h
configure:4787: gcc -c -g -O2 -I//home/vin/Desktop/Practice/HPC-InterestGroup/htop-3.3.0/include conftest.c >&5
configure:4787: $? = 0
configure:4787: result: yes
configure:4787: checking for sys/types.h
configure:4787: gcc -c -g -O2 -I//home/vin/Desktop/Practice/HPC-InterestGroup/htop-3.3.0/include conftest.c >&5
configure:4787: $? = 0
configure:4787: result: yes
configure:4787: checking for unistd.h
configure:4787: gcc -c -g -O2 -I//home/vin/Desktop/Practice/HPC-InterestGroup/htop-3.3.0/include conftest.c >&5
configure:4787: $? = 0
configure:4787: result: yes
configure:4787: checking for wchar.h
configure:4787: gcc -c -g -O2 -I//home/vin/Desktop/Practice/HPC-InterestGroup/htop-3.3.0/include conftest.c >&5
configure:4787: $? = 0
configure:4787: result: yes
configure:4787: checking for minix/config.h
configure:4787: gcc -c -g -O2 -I//home/vin/Desktop/Practice/HPC-InterestGroup/htop-3.3.0/include conftest.c >&5
conftest.c:50:10: fatal error: minix/config.h: No such file or directory
   50 | #include <minix/config.h>
      |          ^~~~~~~~~~~~~~~~
compilation terminated.
configure:4787: $? = 1
configure: failed program was:
| /* confdefs.h */
| #define PACKAGE_NAME "htop"
| #define PACKAGE_TARNAME "htop"
| #define PACKAGE_VERSION "3.3.0"
| #define PACKAGE_STRING "htop 3.3.0"
| #define PACKAGE_BUGREPORT "htop@groups.io"
| #define PACKAGE_URL "https://htop.dev/"
| #define PACKAGE "htop"
| #define VERSION "3.3.0"
| #define HTOP_LINUX /**/
| #define HAVE_STDIO_H 1
| #define HAVE_STDLIB_H 1
| #define HAVE_STRING_H 1
| #define HAVE_INTTYPES_H 1
| #define HAVE_STDINT_H 1
| #define HAVE_STRINGS_H 1
| #define HAVE_SYS_STAT_H 1
| #define HAVE_SYS_TYPES_H 1
| #define HAVE_UNISTD_H 1
| #define HAVE_WCHAR_H 1
| /* end confdefs.h.  */
| #include <stddef.h>
| #ifdef HAVE_STDIO_H
| # include <stdio.h>
| #endif
| #ifdef HAVE_STDLIB_H
| # include <stdlib.h>
| #endif
| #ifdef HAVE_STRING_H
| # include <string.h>
| #endif
| #ifdef HAVE_INTTYPES_H
| # include <inttypes.h>
| #endif
| #ifdef HAVE_STDINT_H
| # include <stdint.h>
| #endif
| #ifdef HAVE_STRINGS_H
| # include <strings.h>
| #endif
| #ifdef HAVE_SYS_TYPES_H
| # include <sys/types.h>
| #endif
| #ifdef HAVE_SYS_STAT_H
| # include <sys/stat.h>
| #endif
| #ifdef HAVE_UNISTD_H
| # include <unistd.h>
| #endif
| #include <minix/config.h>
configure:4787: result: no
configure:4818: checking whether it is safe to define __EXTENSIONS__
configure:4837: gcc -c -g -O2 -I//home/vin/Desktop/Practice/HPC-InterestGroup/htop-3.3.0/include conftest.c >&5
configure:4837: $? = 0
configure:4845: result: yes
configure:4848: checking whether _XOPEN_SOURCE should be defined
configure:4870: gcc -c -g -O2 -I//home/vin/Desktop/Practice/HPC-InterestGroup/htop-3.3.0/include conftest.c >&5
configure:4870: $? = 0
configure:4897: result: no
configure:4963: checking for special C compiler options needed for large files
configure:5011: result: no
configure:5017: checking for _FILE_OFFSET_BITS value needed for large files
configure:5043: gcc -c -g -O2 -I//home/vin/Desktop/Practice/HPC-InterestGroup/htop-3.3.0/include conftest.c >&5
configure:5043: $? = 0
configure:5077: result: no
configure:5220: checking for gcc
configure:5252: result: gcc
configure:5605: checking for C compiler version
configure:5614: gcc --version >&5
gcc (Ubuntu 11.4.0-1ubuntu1~22.04) 11.4.0
Copyright (C) 2021 Free Software Foundation, Inc.
This is free software; see the source for copying conditions.  There is NO
warranty; not even for MERCHANTABILITY or FITNESS FOR A PARTICULAR PURPOSE.

configure:5625: $? = 0
configure:5614: gcc -v >&5
Using built-in specs.
COLLECT_GCC=gcc
COLLECT_LTO_WRAPPER=/usr/lib/gcc/x86_64-linux-gnu/11/lto-wrapper
OFFLOAD_TARGET_NAMES=nvptx-none:amdgcn-amdhsa
OFFLOAD_TARGET_DEFAULT=1
Target: x86_64-linux-gnu
Configured with: ../src/configure -v --with-pkgversion='Ubuntu 11.4.0-1ubuntu1~22.04' --with-bugurl=file:///usr/share/doc/gcc-11/README.Bugs --enable-languages=c,ada,c++,go,brig,d,fortran,objc,obj-c++,m2 --prefix=/usr --with-gcc-major-version-only --program-suffix=-11 --program-prefix=x86_64-linux-gnu- --enable-shared --enable-linker-build-id --libexecdir=/usr/lib --without-included-gettext --enable-threads=posix --libdir=/usr/lib --enable-nls --enable-bootstrap --enable-clocale=gnu --enable-libstdcxx-debug --enable-libstdcxx-time=yes --with-default-libstdcxx-abi=new --enable-gnu-unique-object --disable-vtable-verify --enable-plugin --enable-default-pie --with-system-zlib --enable-libphobos-checking=release --with-target-system-zlib=auto --enable-objc-gc=auto --enable-multiarch --disable-werror --enable-cet --with-arch-32=i686 --with-abi=m64 --with-multilib-list=m32,m64,mx32 --enable-multilib --with-tune=generic --enable-offload-targets=nvptx-none=/build/gcc-11-XeT9lY/gcc-11-11.4.0/debian/tmp-nvptx/usr,amdgcn-amdhsa=/build/gcc-11-XeT9lY/gcc-11-11.4.0/debian/tmp-gcn/usr --without-cuda-driver --enable-checking=release --build=x86_64-linux-gnu --host=x86_64-linux-gnu --target=x86_64-linux-gnu --with-build-config=bootstrap-lto-lean --enable-link-serialization=2
Thread model: posix
Supported LTO compression algorithms: zlib zstd
gcc version 11.4.0 (Ubuntu 11.4.0-1ubuntu1~22.04) 
... rest of stderr output deleted ...
configure:5625: $? = 0
configure:5614: gcc -V >&5
gcc: error: unrecognized command-line option '-V'
gcc: fatal error: no input files
compilation terminated.
configure:5625: $? = 1
configure:5614: gcc -qversion >&5
gcc: error: unrecognized command-line option '-qversion'; did you mean '--version'?
gcc: fatal error: no input files
compilation terminated.
configure:5625: $? = 1
configure:5614: gcc -version >&5
gcc: error: unrecognized command-line option '-version'
gcc: fatal error: no input files
compilation terminated.
configure:5625: $? = 1
configure:5629: checking whether the compiler supports GNU C
configure:5659: result: yes
configure:5670: checking whether gcc accepts -g
configure:5735: result: yes
configure:5755: checking for gcc option to enable C11 features
configure:5788: result: none needed
configure:5904: checking whether gcc understands -c and -o together
configure:5942: result: yes
configure:5961: checking dependency style of gcc
configure:6073: result: gcc3
configure:6238: checking for dirent.h that defines DIR
configure:6258: gcc -c -g -O2 -I//home/vin/Desktop/Practice/HPC-InterestGroup/htop-3.3.0/include conftest.c >&5
configure:6258: $? = 0
configure:6267: result: yes
configure:6281: checking for library containing opendir
configure:6311: gcc -o conftest -g -O2 -I//home/vin/Desktop/Practice/HPC-InterestGroup/htop-3.3.0/include  conftest.c  >&5
configure:6311: $? = 0
configure:6331: result: none required
configure:6406: checking for stdlib.h
configure:6406: result: yes
configure:6406: checking for string.h
configure:6406: result: yes
configure:6406: checking for strings.h
configure:6406: result: yes
configure:6406: checking for sys/param.h
configure:6406: gcc -c -g -O2 -I//home/vin/Desktop/Practice/HPC-InterestGroup/htop-3.3.0/include conftest.c >&5
configure:6406: $? = 0
configure:6406: result: yes
configure:6406: checking for sys/time.h
configure:6406: gcc -c -g -O2 -I//home/vin/Desktop/Practice/HPC-InterestGroup/htop-3.3.0/include conftest.c >&5
configure:6406: $? = 0
configure:6406: result: yes
configure:6406: checking for sys/utsname.h
configure:6406: gcc -c -g -O2 -I//home/vin/Desktop/Practice/HPC-InterestGroup/htop-3.3.0/include conftest.c >&5
configure:6406: $? = 0
configure:6406: result: yes
configure:6406: checking for unistd.h
configure:6406: result: yes
configure:6420: checking for sys/mkdev.h
configure:6420: gcc -c -g -O2 -I//home/vin/Desktop/Practice/HPC-InterestGroup/htop-3.3.0/include conftest.c >&5
conftest.c:75:10: fatal error: sys/mkdev.h: No such file or directory
   75 | #include <sys/mkdev.h>
      |          ^~~~~~~~~~~~~
compilation terminated.
configure:6420: $? = 1
configure: failed program was:
| /* confdefs.h */
| #define PACKAGE_NAME "htop"
| #define PACKAGE_TARNAME "htop"
| #define PACKAGE_VERSION "3.3.0"
| #define PACKAGE_STRING "htop 3.3.0"
| #define PACKAGE_BUGREPORT "htop@groups.io"
| #define PACKAGE_URL "https://htop.dev/"
| #define PACKAGE "htop"
| #define VERSION "3.3.0"
| #define HTOP_LINUX /**/
| #define HAVE_STDIO_H 1
| #define HAVE_STDLIB_H 1
| #define HAVE_STRING_H 1
| #define HAVE_INTTYPES_H 1
| #define HAVE_STDINT_H 1
| #define HAVE_STRINGS_H 1
| #define HAVE_SYS_STAT_H 1
| #define HAVE_SYS_TYPES_H 1
| #define HAVE_UNISTD_H 1
| #define HAVE_WCHAR_H 1
| #define STDC_HEADERS 1
| #define _ALL_SOURCE 1
| #define _DARWIN_C_SOURCE 1
| #define _GNU_SOURCE 1
| #define _HPUX_ALT_XOPEN_SOCKET_API 1
| #define _NETBSD_SOURCE 1
| #define _OPENBSD_SOURCE 1
| #define _POSIX_PTHREAD_SEMANTICS 1
| #define __STDC_WANT_IEC_60559_ATTRIBS_EXT__ 1
| #define __STDC_WANT_IEC_60559_BFP_EXT__ 1
| #define __STDC_WANT_IEC_60559_DFP_EXT__ 1
| #define __STDC_WANT_IEC_60559_FUNCS_EXT__ 1
| #define __STDC_WANT_IEC_60559_TYPES_EXT__ 1
| #define __STDC_WANT_LIB_EXT2__ 1
| #define __STDC_WANT_MATH_SPEC_FUNCS__ 1
| #define _TANDEM_SOURCE 1
| #define __EXTENSIONS__ 1
| #define HAVE_DIRENT_H 1
| #define HAVE_STDLIB_H 1
| #define HAVE_STRING_H 1
| #define HAVE_STRINGS_H 1
| #define HAVE_SYS_PARAM_H 1
| #define HAVE_SYS_TIME_H 1
| #define HAVE_SYS_UTSNAME_H 1
| #define HAVE_UNISTD_H 1
| /* end confdefs.h.  */
| #include <stddef.h>
| #ifdef HAVE_STDIO_H
| # include <stdio.h>
| #endif
| #ifdef HAVE_STDLIB_H
| # include <stdlib.h>
| #endif
| #ifdef HAVE_STRING_H
| # include <string.h>
| #endif
| #ifdef HAVE_INTTYPES_H
| # include <inttypes.h>
| #endif
| #ifdef HAVE_STDINT_H
| # include <stdint.h>
| #endif
| #ifdef HAVE_STRINGS_H
| # include <strings.h>
| #endif
| #ifdef HAVE_SYS_TYPES_H
| # include <sys/types.h>
| #endif
| #ifdef HAVE_SYS_STAT_H
| # include <sys/stat.h>
| #endif
| #ifdef HAVE_UNISTD_H
| # include <unistd.h>
| #endif
| #include <sys/mkdev.h>
configure:6420: result: no
configure:6429: checking for sys/sysmacros.h
configure:6429: gcc -c -g -O2 -I//home/vin/Desktop/Practice/HPC-InterestGroup/htop-3.3.0/include conftest.c >&5
configure:6429: $? = 0
configure:6429: result: yes
configure:6443: checking for execinfo.h
configure:6443: gcc -c -g -O2 -I//home/vin/Desktop/Practice/HPC-InterestGroup/htop-3.3.0/include conftest.c >&5
configure:6443: $? = 0
configure:6443: result: yes
configure:6468: checking for mbstate_t
configure:6486: gcc -c -g -O2 -I//home/vin/Desktop/Practice/HPC-InterestGroup/htop-3.3.0/include conftest.c >&5
configure:6486: $? = 0
configure:6494: result: yes
configure:6505: checking for mode_t
configure:6505: gcc -c -g -O2 -I//home/vin/Desktop/Practice/HPC-InterestGroup/htop-3.3.0/include conftest.c >&5
configure:6505: $? = 0
configure:6505: gcc -c -g -O2 -I//home/vin/Desktop/Practice/HPC-InterestGroup/htop-3.3.0/include conftest.c >&5
conftest.c: In function 'main':
conftest.c:81:21: error: expected expression before ')' token
   81 | if (sizeof ((mode_t)))
      |                     ^
configure:6505: $? = 1
configure: failed program was:
| /* confdefs.h */
| #define PACKAGE_NAME "htop"
| #define PACKAGE_TARNAME "htop"
| #define PACKAGE_VERSION "3.3.0"
| #define PACKAGE_STRING "htop 3.3.0"
| #define PACKAGE_BUGREPORT "htop@groups.io"
| #define PACKAGE_URL "https://htop.dev/"
| #define PACKAGE "htop"
| #define VERSION "3.3.0"
| #define HTOP_LINUX /**/
| #define HAVE_STDIO_H 1
| #define HAVE_STDLIB_H 1
| #define HAVE_STRING_H 1
| #define HAVE_INTTYPES_H 1
| #define HAVE_STDINT_H 1
| #define HAVE_STRINGS_H 1
| #define HAVE_SYS_STAT_H 1
| #define HAVE_SYS_TYPES_H 1
| #define HAVE_UNISTD_H 1
| #define HAVE_WCHAR_H 1
| #define STDC_HEADERS 1
| #define _ALL_SOURCE 1
| #define _DARWIN_C_SOURCE 1
| #define _GNU_SOURCE 1
| #define _HPUX_ALT_XOPEN_SOCKET_API 1
| #define _NETBSD_SOURCE 1
| #define _OPENBSD_SOURCE 1
| #define _POSIX_PTHREAD_SEMANTICS 1
| #define __STDC_WANT_IEC_60559_ATTRIBS_EXT__ 1
| #define __STDC_WANT_IEC_60559_BFP_EXT__ 1
| #define __STDC_WANT_IEC_60559_DFP_EXT__ 1
| #define __STDC_WANT_IEC_60559_FUNCS_EXT__ 1
| #define __STDC_WANT_IEC_60559_TYPES_EXT__ 1
| #define __STDC_WANT_LIB_EXT2__ 1
| #define __STDC_WANT_MATH_SPEC_FUNCS__ 1
| #define _TANDEM_SOURCE 1
| #define __EXTENSIONS__ 1
| #define HAVE_DIRENT_H 1
| #define HAVE_STDLIB_H 1
| #define HAVE_STRING_H 1
| #define HAVE_STRINGS_H 1
| #define HAVE_SYS_PARAM_H 1
| #define HAVE_SYS_TIME_H 1
| #define HAVE_SYS_UTSNAME_H 1
| #define HAVE_UNISTD_H 1
| #define MAJOR_IN_SYSMACROS 1
| #define HAVE_EXECINFO_H 1
| #define HAVE_MBSTATE_T 1
| /* end confdefs.h.  */
| #include <stddef.h>
| #ifdef HAVE_STDIO_H
| # include <stdio.h>
| #endif
| #ifdef HAVE_STDLIB_H
| # include <stdlib.h>
| #endif
| #ifdef HAVE_STRING_H
| # include <string.h>
| #endif
| #ifdef HAVE_INTTYPES_H
| # include <inttypes.h>
| #endif
| #ifdef HAVE_STDINT_H
| # include <stdint.h>
| #endif
| #ifdef HAVE_STRINGS_H
| # include <strings.h>
| #endif
| #ifdef HAVE_SYS_TYPES_H
| # include <sys/types.h>
| #endif
| #ifdef HAVE_SYS_STAT_H
| # include <sys/stat.h>
| #endif
| #ifdef HAVE_UNISTD_H
| # include <unistd.h>
| #endif
| int
| main (void)
| {
| if (sizeof ((mode_t)))
| 	    return 0;
|   ;
|   return 0;
| }
configure:6505: result: yes
configure:6515: checking for off_t
configure:6515: gcc -c -g -O2 -I//home/vin/Desktop/Practice/HPC-InterestGroup/htop-3.3.0/include conftest.c >&5
configure:6515: $? = 0
configure:6515: gcc -c -g -O2 -I//home/vin/Desktop/Practice/HPC-InterestGroup/htop-3.3.0/include conftest.c >&5
conftest.c: In function 'main':
conftest.c:81:20: error: expected expression before ')' token
   81 | if (sizeof ((off_t)))
      |                    ^
configure:6515: $? = 1
configure: failed program was:
| /* confdefs.h */
| #define PACKAGE_NAME "htop"
| #define PACKAGE_TARNAME "htop"
| #define PACKAGE_VERSION "3.3.0"
| #define PACKAGE_STRING "htop 3.3.0"
| #define PACKAGE_BUGREPORT "htop@groups.io"
| #define PACKAGE_URL "https://htop.dev/"
| #define PACKAGE "htop"
| #define VERSION "3.3.0"
| #define HTOP_LINUX /**/
| #define HAVE_STDIO_H 1
| #define HAVE_STDLIB_H 1
| #define HAVE_STRING_H 1
| #define HAVE_INTTYPES_H 1
| #define HAVE_STDINT_H 1
| #define HAVE_STRINGS_H 1
| #define HAVE_SYS_STAT_H 1
| #define HAVE_SYS_TYPES_H 1
| #define HAVE_UNISTD_H 1
| #define HAVE_WCHAR_H 1
| #define STDC_HEADERS 1
| #define _ALL_SOURCE 1
| #define _DARWIN_C_SOURCE 1
| #define _GNU_SOURCE 1
| #define _HPUX_ALT_XOPEN_SOCKET_API 1
| #define _NETBSD_SOURCE 1
| #define _OPENBSD_SOURCE 1
| #define _POSIX_PTHREAD_SEMANTICS 1
| #define __STDC_WANT_IEC_60559_ATTRIBS_EXT__ 1
| #define __STDC_WANT_IEC_60559_BFP_EXT__ 1
| #define __STDC_WANT_IEC_60559_DFP_EXT__ 1
| #define __STDC_WANT_IEC_60559_FUNCS_EXT__ 1
| #define __STDC_WANT_IEC_60559_TYPES_EXT__ 1
| #define __STDC_WANT_LIB_EXT2__ 1
| #define __STDC_WANT_MATH_SPEC_FUNCS__ 1
| #define _TANDEM_SOURCE 1
| #define __EXTENSIONS__ 1
| #define HAVE_DIRENT_H 1
| #define HAVE_STDLIB_H 1
| #define HAVE_STRING_H 1
| #define HAVE_STRINGS_H 1
| #define HAVE_SYS_PARAM_H 1
| #define HAVE_SYS_TIME_H 1
| #define HAVE_SYS_UTSNAME_H 1
| #define HAVE_UNISTD_H 1
| #define MAJOR_IN_SYSMACROS 1
| #define HAVE_EXECINFO_H 1
| #define HAVE_MBSTATE_T 1
| /* end confdefs.h.  */
| #include <stddef.h>
| #ifdef HAVE_STDIO_H
| # include <stdio.h>
| #endif
| #ifdef HAVE_STDLIB_H
| # include <stdlib.h>
| #endif
| #ifdef HAVE_STRING_H
| # include <string.h>
| #endif
| #ifdef HAVE_INTTYPES_H
| # include <inttypes.h>
| #endif
| #ifdef HAVE_STDINT_H
| # include <stdint.h>
| #endif
| #ifdef HAVE_STRINGS_H
| # include <strings.h>
| #endif
| #ifdef HAVE_SYS_TYPES_H
| # include <sys/types.h>
| #endif
| #ifdef HAVE_SYS_STAT_H
| # include <sys/stat.h>
| #endif
| #ifdef HAVE_UNISTD_H
| # include <unistd.h>
| #endif
| int
| main (void)
| {
| if (sizeof ((off_t)))
| 	    return 0;
|   ;
|   return 0;
| }
configure:6515: result: yes
configure:6526: checking for pid_t
configure:6526: gcc -c -g -O2 -I//home/vin/Desktop/Practice/HPC-InterestGroup/htop-3.3.0/include conftest.c >&5
configure:6526: $? = 0
configure:6526: gcc -c -g -O2 -I//home/vin/Desktop/Practice/HPC-InterestGroup/htop-3.3.0/include conftest.c >&5
conftest.c: In function 'main':
conftest.c:82:20: error: expected expression before ')' token
   82 | if (sizeof ((pid_t)))
      |                    ^
configure:6526: $? = 1
configure: failed program was:
| /* confdefs.h */
| #define PACKAGE_NAME "htop"
| #define PACKAGE_TARNAME "htop"
| #define PACKAGE_VERSION "3.3.0"
| #define PACKAGE_STRING "htop 3.3.0"
| #define PACKAGE_BUGREPORT "htop@groups.io"
| #define PACKAGE_URL "https://htop.dev/"
| #define PACKAGE "htop"
| #define VERSION "3.3.0"
| #define HTOP_LINUX /**/
| #define HAVE_STDIO_H 1
| #define HAVE_STDLIB_H 1
| #define HAVE_STRING_H 1
| #define HAVE_INTTYPES_H 1
| #define HAVE_STDINT_H 1
| #define HAVE_STRINGS_H 1
| #define HAVE_SYS_STAT_H 1
| #define HAVE_SYS_TYPES_H 1
| #define HAVE_UNISTD_H 1
| #define HAVE_WCHAR_H 1
| #define STDC_HEADERS 1
| #define _ALL_SOURCE 1
| #define _DARWIN_C_SOURCE 1
| #define _GNU_SOURCE 1
| #define _HPUX_ALT_XOPEN_SOCKET_API 1
| #define _NETBSD_SOURCE 1
| #define _OPENBSD_SOURCE 1
| #define _POSIX_PTHREAD_SEMANTICS 1
| #define __STDC_WANT_IEC_60559_ATTRIBS_EXT__ 1
| #define __STDC_WANT_IEC_60559_BFP_EXT__ 1
| #define __STDC_WANT_IEC_60559_DFP_EXT__ 1
| #define __STDC_WANT_IEC_60559_FUNCS_EXT__ 1
| #define __STDC_WANT_IEC_60559_TYPES_EXT__ 1
| #define __STDC_WANT_LIB_EXT2__ 1
| #define __STDC_WANT_MATH_SPEC_FUNCS__ 1
| #define _TANDEM_SOURCE 1
| #define __EXTENSIONS__ 1
| #define HAVE_DIRENT_H 1
| #define HAVE_STDLIB_H 1
| #define HAVE_STRING_H 1
| #define HAVE_STRINGS_H 1
| #define HAVE_SYS_PARAM_H 1
| #define HAVE_SYS_TIME_H 1
| #define HAVE_SYS_UTSNAME_H 1
| #define HAVE_UNISTD_H 1
| #define MAJOR_IN_SYSMACROS 1
| #define HAVE_EXECINFO_H 1
| #define HAVE_MBSTATE_T 1
| /* end confdefs.h.  */
| #include <stddef.h>
| #ifdef HAVE_STDIO_H
| # include <stdio.h>
| #endif
| #ifdef HAVE_STDLIB_H
| # include <stdlib.h>
| #endif
| #ifdef HAVE_STRING_H
| # include <string.h>
| #endif
| #ifdef HAVE_INTTYPES_H
| # include <inttypes.h>
| #endif
| #ifdef HAVE_STDINT_H
| # include <stdint.h>
| #endif
| #ifdef HAVE_STRINGS_H
| # include <strings.h>
| #endif
| #ifdef HAVE_SYS_TYPES_H
| # include <sys/types.h>
| #endif
| #ifdef HAVE_SYS_STAT_H
| # include <sys/stat.h>
| #endif
| #ifdef HAVE_UNISTD_H
| # include <unistd.h>
| #endif
| 
| int
| main (void)
| {
| if (sizeof ((pid_t)))
| 	    return 0;
|   ;
|   return 0;
| }
configure:6526: result: yes
configure:6562: checking for size_t
configure:6562: gcc -c -g -O2 -I//home/vin/Desktop/Practice/HPC-InterestGroup/htop-3.3.0/include conftest.c >&5
configure:6562: $? = 0
configure:6562: gcc -c -g -O2 -I//home/vin/Desktop/Practice/HPC-InterestGroup/htop-3.3.0/include conftest.c >&5
conftest.c: In function 'main':
conftest.c:81:21: error: expected expression before ')' token
   81 | if (sizeof ((size_t)))
      |                     ^
configure:6562: $? = 1
configure: failed program was:
| /* confdefs.h */
| #define PACKAGE_NAME "htop"
| #define PACKAGE_TARNAME "htop"
| #define PACKAGE_VERSION "3.3.0"
| #define PACKAGE_STRING "htop 3.3.0"
| #define PACKAGE_BUGREPORT "htop@groups.io"
| #define PACKAGE_URL "https://htop.dev/"
| #define PACKAGE "htop"
| #define VERSION "3.3.0"
| #define HTOP_LINUX /**/
| #define HAVE_STDIO_H 1
| #define HAVE_STDLIB_H 1
| #define HAVE_STRING_H 1
| #define HAVE_INTTYPES_H 1
| #define HAVE_STDINT_H 1
| #define HAVE_STRINGS_H 1
| #define HAVE_SYS_STAT_H 1
| #define HAVE_SYS_TYPES_H 1
| #define HAVE_UNISTD_H 1
| #define HAVE_WCHAR_H 1
| #define STDC_HEADERS 1
| #define _ALL_SOURCE 1
| #define _DARWIN_C_SOURCE 1
| #define _GNU_SOURCE 1
| #define _HPUX_ALT_XOPEN_SOCKET_API 1
| #define _NETBSD_SOURCE 1
| #define _OPENBSD_SOURCE 1
| #define _POSIX_PTHREAD_SEMANTICS 1
| #define __STDC_WANT_IEC_60559_ATTRIBS_EXT__ 1
| #define __STDC_WANT_IEC_60559_BFP_EXT__ 1
| #define __STDC_WANT_IEC_60559_DFP_EXT__ 1
| #define __STDC_WANT_IEC_60559_FUNCS_EXT__ 1
| #define __STDC_WANT_IEC_60559_TYPES_EXT__ 1
| #define __STDC_WANT_LIB_EXT2__ 1
| #define __STDC_WANT_MATH_SPEC_FUNCS__ 1
| #define _TANDEM_SOURCE 1
| #define __EXTENSIONS__ 1
| #define HAVE_DIRENT_H 1
| #define HAVE_STDLIB_H 1
| #define HAVE_STRING_H 1
| #define HAVE_STRINGS_H 1
| #define HAVE_SYS_PARAM_H 1
| #define HAVE_SYS_TIME_H 1
| #define HAVE_SYS_UTSNAME_H 1
| #define HAVE_UNISTD_H 1
| #define MAJOR_IN_SYSMACROS 1
| #define HAVE_EXECINFO_H 1
| #define HAVE_MBSTATE_T 1
| /* end confdefs.h.  */
| #include <stddef.h>
| #ifdef HAVE_STDIO_H
| # include <stdio.h>
| #endif
| #ifdef HAVE_STDLIB_H
| # include <stdlib.h>
| #endif
| #ifdef HAVE_STRING_H
| # include <string.h>
| #endif
| #ifdef HAVE_INTTYPES_H
| # include <inttypes.h>
| #endif
| #ifdef HAVE_STDINT_H
| # include <stdint.h>
| #endif
| #ifdef HAVE_STRINGS_H
| # include <strings.h>
| #endif
| #ifdef HAVE_SYS_TYPES_H
| # include <sys/types.h>
| #endif
| #ifdef HAVE_SYS_STAT_H
| # include <sys/stat.h>
| #endif
| #ifdef HAVE_UNISTD_H
| # include <unistd.h>
| #endif
| int
| main (void)
| {
| if (sizeof ((size_t)))
| 	    return 0;
|   ;
|   return 0;
| }
configure:6562: result: yes
configure:6572: checking for ssize_t
configure:6572: gcc -c -g -O2 -I//home/vin/Desktop/Practice/HPC-InterestGroup/htop-3.3.0/include conftest.c >&5
configure:6572: $? = 0
configure:6572: gcc -c -g -O2 -I//home/vin/Desktop/Practice/HPC-InterestGroup/htop-3.3.0/include conftest.c >&5
conftest.c: In function 'main':
conftest.c:81:22: error: expected expression before ')' token
   81 | if (sizeof ((ssize_t)))
      |                      ^
configure:6572: $? = 1
configure: failed program was:
| /* confdefs.h */
| #define PACKAGE_NAME "htop"
| #define PACKAGE_TARNAME "htop"
| #define PACKAGE_VERSION "3.3.0"
| #define PACKAGE_STRING "htop 3.3.0"
| #define PACKAGE_BUGREPORT "htop@groups.io"
| #define PACKAGE_URL "https://htop.dev/"
| #define PACKAGE "htop"
| #define VERSION "3.3.0"
| #define HTOP_LINUX /**/
| #define HAVE_STDIO_H 1
| #define HAVE_STDLIB_H 1
| #define HAVE_STRING_H 1
| #define HAVE_INTTYPES_H 1
| #define HAVE_STDINT_H 1
| #define HAVE_STRINGS_H 1
| #define HAVE_SYS_STAT_H 1
| #define HAVE_SYS_TYPES_H 1
| #define HAVE_UNISTD_H 1
| #define HAVE_WCHAR_H 1
| #define STDC_HEADERS 1
| #define _ALL_SOURCE 1
| #define _DARWIN_C_SOURCE 1
| #define _GNU_SOURCE 1
| #define _HPUX_ALT_XOPEN_SOCKET_API 1
| #define _NETBSD_SOURCE 1
| #define _OPENBSD_SOURCE 1
| #define _POSIX_PTHREAD_SEMANTICS 1
| #define __STDC_WANT_IEC_60559_ATTRIBS_EXT__ 1
| #define __STDC_WANT_IEC_60559_BFP_EXT__ 1
| #define __STDC_WANT_IEC_60559_DFP_EXT__ 1
| #define __STDC_WANT_IEC_60559_FUNCS_EXT__ 1
| #define __STDC_WANT_IEC_60559_TYPES_EXT__ 1
| #define __STDC_WANT_LIB_EXT2__ 1
| #define __STDC_WANT_MATH_SPEC_FUNCS__ 1
| #define _TANDEM_SOURCE 1
| #define __EXTENSIONS__ 1
| #define HAVE_DIRENT_H 1
| #define HAVE_STDLIB_H 1
| #define HAVE_STRING_H 1
| #define HAVE_STRINGS_H 1
| #define HAVE_SYS_PARAM_H 1
| #define HAVE_SYS_TIME_H 1
| #define HAVE_SYS_UTSNAME_H 1
| #define HAVE_UNISTD_H 1
| #define MAJOR_IN_SYSMACROS 1
| #define HAVE_EXECINFO_H 1
| #define HAVE_MBSTATE_T 1
| /* end confdefs.h.  */
| #include <stddef.h>
| #ifdef HAVE_STDIO_H
| # include <stdio.h>
| #endif
| #ifdef HAVE_STDLIB_H
| # include <stdlib.h>
| #endif
| #ifdef HAVE_STRING_H
| # include <string.h>
| #endif
| #ifdef HAVE_INTTYPES_H
| # include <inttypes.h>
| #endif
| #ifdef HAVE_STDINT_H
| # include <stdint.h>
| #endif
| #ifdef HAVE_STRINGS_H
| # include <strings.h>
| #endif
| #ifdef HAVE_SYS_TYPES_H
| # include <sys/types.h>
| #endif
| #ifdef HAVE_SYS_STAT_H
| # include <sys/stat.h>
| #endif
| #ifdef HAVE_UNISTD_H
| # include <unistd.h>
| #endif
| int
| main (void)
| {
| if (sizeof ((ssize_t)))
| 	    return 0;
|   ;
|   return 0;
| }
configure:6572: result: yes
configure:6587: checking how to run the C preprocessor
configure:6613: gcc -E -I//home/vin/Desktop/Practice/HPC-InterestGroup/htop-3.3.0/include conftest.c
configure:6613: $? = 0
configure:6628: gcc -E -I//home/vin/Desktop/Practice/HPC-InterestGroup/htop-3.3.0/include conftest.c
conftest.c:50:10: fatal error: ac_nonexistent.h: No such file or directory
   50 | #include <ac_nonexistent.h>
      |          ^~~~~~~~~~~~~~~~~~
compilation terminated.
configure:6628: $? = 1
configure: failed program was:
| /* confdefs.h */
| #define PACKAGE_NAME "htop"
| #define PACKAGE_TARNAME "htop"
| #define PACKAGE_VERSION "3.3.0"
| #define PACKAGE_STRING "htop 3.3.0"
| #define PACKAGE_BUGREPORT "htop@groups.io"
| #define PACKAGE_URL "https://htop.dev/"
| #define PACKAGE "htop"
| #define VERSION "3.3.0"
| #define HTOP_LINUX /**/
| #define HAVE_STDIO_H 1
| #define HAVE_STDLIB_H 1
| #define HAVE_STRING_H 1
| #define HAVE_INTTYPES_H 1
| #define HAVE_STDINT_H 1
| #define HAVE_STRINGS_H 1
| #define HAVE_SYS_STAT_H 1
| #define HAVE_SYS_TYPES_H 1
| #define HAVE_UNISTD_H 1
| #define HAVE_WCHAR_H 1
| #define STDC_HEADERS 1
| #define _ALL_SOURCE 1
| #define _DARWIN_C_SOURCE 1
| #define _GNU_SOURCE 1
| #define _HPUX_ALT_XOPEN_SOCKET_API 1
| #define _NETBSD_SOURCE 1
| #define _OPENBSD_SOURCE 1
| #define _POSIX_PTHREAD_SEMANTICS 1
| #define __STDC_WANT_IEC_60559_ATTRIBS_EXT__ 1
| #define __STDC_WANT_IEC_60559_BFP_EXT__ 1
| #define __STDC_WANT_IEC_60559_DFP_EXT__ 1
| #define __STDC_WANT_IEC_60559_FUNCS_EXT__ 1
| #define __STDC_WANT_IEC_60559_TYPES_EXT__ 1
| #define __STDC_WANT_LIB_EXT2__ 1
| #define __STDC_WANT_MATH_SPEC_FUNCS__ 1
| #define _TANDEM_SOURCE 1
| #define __EXTENSIONS__ 1
| #define HAVE_DIRENT_H 1
| #define HAVE_STDLIB_H 1
| #define HAVE_STRING_H 1
| #define HAVE_STRINGS_H 1
| #define HAVE_SYS_PARAM_H 1
| #define HAVE_SYS_TIME_H 1
| #define HAVE_SYS_UTSNAME_H 1
| #define HAVE_UNISTD_H 1
| #define MAJOR_IN_SYSMACROS 1
| #define HAVE_EXECINFO_H 1
| #define HAVE_MBSTATE_T 1
| /* end confdefs.h.  */
| #include <ac_nonexistent.h>
configure:6655: result: gcc -E
configure:6669: gcc -E -I//home/vin/Desktop/Practice/HPC-InterestGroup/htop-3.3.0/include conftest.c
configure:6669: $? = 0
configure:6684: gcc -E -I//home/vin/Desktop/Practice/HPC-InterestGroup/htop-3.3.0/include conftest.c
conftest.c:50:10: fatal error: ac_nonexistent.h: No such file or directory
   50 | #include <ac_nonexistent.h>
      |          ^~~~~~~~~~~~~~~~~~
compilation terminated.
configure:6684: $? = 1
configure: failed program was:
| /* confdefs.h */
| #define PACKAGE_NAME "htop"
| #define PACKAGE_TARNAME "htop"
| #define PACKAGE_VERSION "3.3.0"
| #define PACKAGE_STRING "htop 3.3.0"
| #define PACKAGE_BUGREPORT "htop@groups.io"
| #define PACKAGE_URL "https://htop.dev/"
| #define PACKAGE "htop"
| #define VERSION "3.3.0"
| #define HTOP_LINUX /**/
| #define HAVE_STDIO_H 1
| #define HAVE_STDLIB_H 1
| #define HAVE_STRING_H 1
| #define HAVE_INTTYPES_H 1
| #define HAVE_STDINT_H 1
| #define HAVE_STRINGS_H 1
| #define HAVE_SYS_STAT_H 1
| #define HAVE_SYS_TYPES_H 1
| #define HAVE_UNISTD_H 1
| #define HAVE_WCHAR_H 1
| #define STDC_HEADERS 1
| #define _ALL_SOURCE 1
| #define _DARWIN_C_SOURCE 1
| #define _GNU_SOURCE 1
| #define _HPUX_ALT_XOPEN_SOCKET_API 1
| #define _NETBSD_SOURCE 1
| #define _OPENBSD_SOURCE 1
| #define _POSIX_PTHREAD_SEMANTICS 1
| #define __STDC_WANT_IEC_60559_ATTRIBS_EXT__ 1
| #define __STDC_WANT_IEC_60559_BFP_EXT__ 1
| #define __STDC_WANT_IEC_60559_DFP_EXT__ 1
| #define __STDC_WANT_IEC_60559_FUNCS_EXT__ 1
| #define __STDC_WANT_IEC_60559_TYPES_EXT__ 1
| #define __STDC_WANT_LIB_EXT2__ 1
| #define __STDC_WANT_MATH_SPEC_FUNCS__ 1
| #define _TANDEM_SOURCE 1
| #define __EXTENSIONS__ 1
| #define HAVE_DIRENT_H 1
| #define HAVE_STDLIB_H 1
| #define HAVE_STRING_H 1
| #define HAVE_STRINGS_H 1
| #define HAVE_SYS_PARAM_H 1
| #define HAVE_SYS_TIME_H 1
| #define HAVE_SYS_UTSNAME_H 1
| #define HAVE_UNISTD_H 1
| #define MAJOR_IN_SYSMACROS 1
| #define HAVE_EXECINFO_H 1
| #define HAVE_MBSTATE_T 1
| /* end confdefs.h.  */
| #include <ac_nonexistent.h>
configure:6715: checking for grep that handles long lines and -e
configure:6779: result: /usr/bin/grep
configure:6784: checking for egrep
configure:6852: result: /usr/bin/grep -E
configure:6857: checking for uid_t in sys/types.h
configure:6878: result: yes
configure:6889: checking for uint8_t
configure:6889: gcc -c -g -O2 -I//home/vin/Desktop/Practice/HPC-InterestGroup/htop-3.3.0/include conftest.c >&5
configure:6889: $? = 0
configure:6889: result: yes
configure:6901: checking for uint16_t
configure:6901: gcc -c -g -O2 -I//home/vin/Desktop/Practice/HPC-InterestGroup/htop-3.3.0/include conftest.c >&5
configure:6901: $? = 0
configure:6901: result: yes
configure:6911: checking for uint32_t
configure:6911: gcc -c -g -O2 -I//home/vin/Desktop/Practice/HPC-InterestGroup/htop-3.3.0/include conftest.c >&5
configure:6911: $? = 0
configure:6911: result: yes
configure:6923: checking for uint64_t
configure:6923: gcc -c -g -O2 -I//home/vin/Desktop/Practice/HPC-InterestGroup/htop-3.3.0/include conftest.c >&5
configure:6923: $? = 0
configure:6923: result: yes
configure:6936: checking for alloc_size
configure:6947: gcc -c -g -O2 -Wno-error -Werror=attributes -I//home/vin/Desktop/Practice/HPC-InterestGroup/htop-3.3.0/include conftest.c >&5
configure:6947: $? = 0
configure:6952: result: yes
configure:6961: checking for access
configure:6972: gcc -c -g -O2 -Wno-error -Werror=attributes -I//home/vin/Desktop/Practice/HPC-InterestGroup/htop-3.3.0/include conftest.c >&5
configure:6972: $? = 0
configure:6977: result: yes
configure:6986: checking for nonnull
configure:7000: gcc -c -g -O2 -Wno-error -Werror=attributes -I//home/vin/Desktop/Practice/HPC-InterestGroup/htop-3.3.0/include conftest.c >&5
configure:7000: $? = 0
configure:7005: result: yes
configure:7014: checking for NaN support
configure:7035: gcc -o conftest -g -O2 -I//home/vin/Desktop/Practice/HPC-InterestGroup/htop-3.3.0/include  conftest.c  >&5
configure:7035: $? = 0
configure:7059: result: yes
configure:7085: checking for library containing ceil
configure:7115: gcc -o conftest -g -O2 -I//home/vin/Desktop/Practice/HPC-InterestGroup/htop-3.3.0/include  conftest.c  >&5
conftest.c:57:6: warning: conflicting types for built-in function 'ceil'; expected 'double(double)' [-Wbuiltin-declaration-mismatch]
   57 | char ceil ();
      |      ^~~~
conftest.c:1:1: note: 'ceil' is declared in header '<math.h>'
    1 | /* confdefs.h */
/usr/bin/ld: /tmp/ccdY5hBP.o: in function `main':
/home/vin/Desktop/Practice/HPC-InterestGroup/htop-3.3.0/conftest.c:61: undefined reference to `ceil'
collect2: error: ld returned 1 exit status
configure:7115: $? = 1
configure: failed program was:
| /* confdefs.h */
| #define PACKAGE_NAME "htop"
| #define PACKAGE_TARNAME "htop"
| #define PACKAGE_VERSION "3.3.0"
| #define PACKAGE_STRING "htop 3.3.0"
| #define PACKAGE_BUGREPORT "htop@groups.io"
| #define PACKAGE_URL "https://htop.dev/"
| #define PACKAGE "htop"
| #define VERSION "3.3.0"
| #define HTOP_LINUX /**/
| #define HAVE_STDIO_H 1
| #define HAVE_STDLIB_H 1
| #define HAVE_STRING_H 1
| #define HAVE_INTTYPES_H 1
| #define HAVE_STDINT_H 1
| #define HAVE_STRINGS_H 1
| #define HAVE_SYS_STAT_H 1
| #define HAVE_SYS_TYPES_H 1
| #define HAVE_UNISTD_H 1
| #define HAVE_WCHAR_H 1
| #define STDC_HEADERS 1
| #define _ALL_SOURCE 1
| #define _DARWIN_C_SOURCE 1
| #define _GNU_SOURCE 1
| #define _HPUX_ALT_XOPEN_SOCKET_API 1
| #define _NETBSD_SOURCE 1
| #define _OPENBSD_SOURCE 1
| #define _POSIX_PTHREAD_SEMANTICS 1
| #define __STDC_WANT_IEC_60559_ATTRIBS_EXT__ 1
| #define __STDC_WANT_IEC_60559_BFP_EXT__ 1
| #define __STDC_WANT_IEC_60559_DFP_EXT__ 1
| #define __STDC_WANT_IEC_60559_FUNCS_EXT__ 1
| #define __STDC_WANT_IEC_60559_TYPES_EXT__ 1
| #define __STDC_WANT_LIB_EXT2__ 1
| #define __STDC_WANT_MATH_SPEC_FUNCS__ 1
| #define _TANDEM_SOURCE 1
| #define __EXTENSIONS__ 1
| #define HAVE_DIRENT_H 1
| #define HAVE_STDLIB_H 1
| #define HAVE_STRING_H 1
| #define HAVE_STRINGS_H 1
| #define HAVE_SYS_PARAM_H 1
| #define HAVE_SYS_TIME_H 1
| #define HAVE_SYS_UTSNAME_H 1
| #define HAVE_UNISTD_H 1
| #define MAJOR_IN_SYSMACROS 1
| #define HAVE_EXECINFO_H 1
| #define HAVE_MBSTATE_T 1
| #define HAVE_ATTR_ALLOC_SIZE 1
| #define HAVE_ATTR_ACCESS 1
| #define HAVE_ATTR_NONNULL 1
| /* end confdefs.h.  */
| 
| /* Override any GCC internal prototype to avoid an error.
|    Use char because int might match the return type of a GCC
|    builtin and then its argument prototype would still apply.  */
| char ceil ();
| int
| main (void)
| {
| return ceil ();
|   ;
|   return 0;
| }
configure:7115: gcc -o conftest -g -O2 -I//home/vin/Desktop/Practice/HPC-InterestGroup/htop-3.3.0/include  conftest.c -lm   >&5
conftest.c:57:6: warning: conflicting types for built-in function 'ceil'; expected 'double(double)' [-Wbuiltin-declaration-mismatch]
   57 | char ceil ();
      |      ^~~~
conftest.c:1:1: note: 'ceil' is declared in header '<math.h>'
    1 | /* confdefs.h */
configure:7115: $? = 0
configure:7135: result: -lm
configure:7401: checking for library containing dlopen
configure:7431: gcc -o conftest -g -O2 -I//home/vin/Desktop/Practice/HPC-InterestGroup/htop-3.3.0/include  conftest.c -lm  >&5
configure:7431: $? = 0
configure:7451: result: none required
configure:7842: checking for library containing clock_gettime
configure:7872: gcc -o conftest -g -O2 -I//home/vin/Desktop/Practice/HPC-InterestGroup/htop-3.3.0/include  conftest.c -lm  >&5
configure:7872: $? = 0
configure:7892: result: none required
configure:7902: checking for clock_gettime
configure:7902: gcc -o conftest -g -O2 -I//home/vin/Desktop/Practice/HPC-InterestGroup/htop-3.3.0/include  conftest.c -lm  >&5
configure:7902: $? = 0
configure:7902: result: yes
configure:7908: checking for dladdr
configure:7908: gcc -o conftest -g -O2 -I//home/vin/Desktop/Practice/HPC-InterestGroup/htop-3.3.0/include  conftest.c -lm  >&5
configure:7908: $? = 0
configure:7908: result: yes
configure:7914: checking for faccessat
configure:7914: gcc -o conftest -g -O2 -I//home/vin/Desktop/Practice/HPC-InterestGroup/htop-3.3.0/include  conftest.c -lm  >&5
configure:7914: $? = 0
configure:7914: result: yes
configure:7920: checking for fstatat
configure:7920: gcc -o conftest -g -O2 -I//home/vin/Desktop/Practice/HPC-InterestGroup/htop-3.3.0/include  conftest.c -lm  >&5
configure:7920: $? = 0
configure:7920: result: yes
configure:7926: checking for host_get_clock_service
configure:7926: gcc -o conftest -g -O2 -I//home/vin/Desktop/Practice/HPC-InterestGroup/htop-3.3.0/include  conftest.c -lm  >&5
/usr/bin/ld: /tmp/ccpCTe6o.o: in function `main':
/home/vin/Desktop/Practice/HPC-InterestGroup/htop-3.3.0/conftest.c:84: undefined reference to `host_get_clock_service'
collect2: error: ld returned 1 exit status
configure:7926: $? = 1
configure: failed program was:
| /* confdefs.h */
| #define PACKAGE_NAME "htop"
| #define PACKAGE_TARNAME "htop"
| #define PACKAGE_VERSION "3.3.0"
| #define PACKAGE_STRING "htop 3.3.0"
| #define PACKAGE_BUGREPORT "htop@groups.io"
| #define PACKAGE_URL "https://htop.dev/"
| #define PACKAGE "htop"
| #define VERSION "3.3.0"
| #define HTOP_LINUX /**/
| #define HAVE_STDIO_H 1
| #define HAVE_STDLIB_H 1
| #define HAVE_STRING_H 1
| #define HAVE_INTTYPES_H 1
| #define HAVE_STDINT_H 1
| #define HAVE_STRINGS_H 1
| #define HAVE_SYS_STAT_H 1
| #define HAVE_SYS_TYPES_H 1
| #define HAVE_UNISTD_H 1
| #define HAVE_WCHAR_H 1
| #define STDC_HEADERS 1
| #define _ALL_SOURCE 1
| #define _DARWIN_C_SOURCE 1
| #define _GNU_SOURCE 1
| #define _HPUX_ALT_XOPEN_SOCKET_API 1
| #define _NETBSD_SOURCE 1
| #define _OPENBSD_SOURCE 1
| #define _POSIX_PTHREAD_SEMANTICS 1
| #define __STDC_WANT_IEC_60559_ATTRIBS_EXT__ 1
| #define __STDC_WANT_IEC_60559_BFP_EXT__ 1
| #define __STDC_WANT_IEC_60559_DFP_EXT__ 1
| #define __STDC_WANT_IEC_60559_FUNCS_EXT__ 1
| #define __STDC_WANT_IEC_60559_TYPES_EXT__ 1
| #define __STDC_WANT_LIB_EXT2__ 1
| #define __STDC_WANT_MATH_SPEC_FUNCS__ 1
| #define _TANDEM_SOURCE 1
| #define __EXTENSIONS__ 1
| #define HAVE_DIRENT_H 1
| #define HAVE_STDLIB_H 1
| #define HAVE_STRING_H 1
| #define HAVE_STRINGS_H 1
| #define HAVE_SYS_PARAM_H 1
| #define HAVE_SYS_TIME_H 1
| #define HAVE_SYS_UTSNAME_H 1
| #define HAVE_UNISTD_H 1
| #define MAJOR_IN_SYSMACROS 1
| #define HAVE_EXECINFO_H 1
| #define HAVE_MBSTATE_T 1
| #define HAVE_ATTR_ALLOC_SIZE 1
| #define HAVE_ATTR_ACCESS 1
| #define HAVE_ATTR_NONNULL 1
| #define HAVE_CLOCK_GETTIME 1
| #define HAVE_DLADDR 1
| #define HAVE_FACCESSAT 1
| #define HAVE_FSTATAT 1
| /* end confdefs.h.  */
| /* Define host_get_clock_service to an innocuous variant, in case <limits.h> declares host_get_clock_service.
|    For example, HP-UX 11i <limits.h> declares gettimeofday.  */
| #define host_get_clock_service innocuous_host_get_clock_service
| 
| /* System header to define __stub macros and hopefully few prototypes,
|    which can conflict with char host_get_clock_service (); below.  */
| 
| #include <limits.h>
| #undef host_get_clock_service
| 
| /* Override any GCC internal prototype to avoid an error.
|    Use char because int might match the return type of a GCC
|    builtin and then its argument prototype would still apply.  */
| #ifdef __cplusplus
| extern "C"
| #endif
| char host_get_clock_service ();
| /* The GNU C library defines this for functions which it implements
|     to always fail with ENOSYS.  Some functions are actually named
|     something starting with __ and the normal name is an alias.  */
| #if defined __stub_host_get_clock_service || defined __stub___host_get_clock_service
| choke me
| #endif
| 
| int
| main (void)
| {
| return host_get_clock_service ();
|   ;
|   return 0;
| }
configure:7926: result: no
configure:7932: checking for memfd_create
configure:7932: gcc -o conftest -g -O2 -I//home/vin/Desktop/Practice/HPC-InterestGroup/htop-3.3.0/include  conftest.c -lm  >&5
configure:7932: $? = 0
configure:7932: result: yes
configure:7938: checking for openat
configure:7938: gcc -o conftest -g -O2 -I//home/vin/Desktop/Practice/HPC-InterestGroup/htop-3.3.0/include  conftest.c -lm  >&5
configure:7938: $? = 0
configure:7938: result: yes
configure:7944: checking for readlinkat
configure:7944: gcc -o conftest -g -O2 -I//home/vin/Desktop/Practice/HPC-InterestGroup/htop-3.3.0/include  conftest.c -lm  >&5
configure:7944: $? = 0
configure:7944: result: yes
configure:7950: checking for sched_getscheduler
configure:7950: gcc -o conftest -g -O2 -I//home/vin/Desktop/Practice/HPC-InterestGroup/htop-3.3.0/include  conftest.c -lm  >&5
configure:7950: $? = 0
configure:7950: result: yes
configure:7956: checking for sched_setscheduler
configure:7956: gcc -o conftest -g -O2 -I//home/vin/Desktop/Practice/HPC-InterestGroup/htop-3.3.0/include  conftest.c -lm  >&5
configure:7956: $? = 0
configure:7956: result: yes
configure:7962: checking for strchrnul
configure:7962: gcc -o conftest -g -O2 -I//home/vin/Desktop/Practice/HPC-InterestGroup/htop-3.3.0/include  conftest.c -lm  >&5
configure:7962: $? = 0
configure:7962: result: yes
configure:8171: checking for waddwstr in -lncursesw6
configure:8196: gcc -o conftest -g -O2 -I//home/vin/Desktop/Practice/HPC-InterestGroup/htop-3.3.0/include  conftest.c -lncursesw6
         -L/home/vin/anaconda3/lib -Wl,-O2 -Wl,--sort-common -Wl,--disable-new-dtags -Wl,--gc-sections -Wl,-rpath,/home/vin/anaconda3/lib -Wl,-rpath-link,/home/vin/anaconda3/lib -lncursesw -ltinfow
       -lm  >&5
/usr/bin/ld: cannot find -lncursesw6: No such file or directory
collect2: error: ld returned 1 exit status
configure:8196: $? = 1
configure: failed program was:
| /* confdefs.h */
| #define PACKAGE_NAME "htop"
| #define PACKAGE_TARNAME "htop"
| #define PACKAGE_VERSION "3.3.0"
| #define PACKAGE_STRING "htop 3.3.0"
| #define PACKAGE_BUGREPORT "htop@groups.io"
| #define PACKAGE_URL "https://htop.dev/"
| #define PACKAGE "htop"
| #define VERSION "3.3.0"
| #define HTOP_LINUX /**/
| #define HAVE_STDIO_H 1
| #define HAVE_STDLIB_H 1
| #define HAVE_STRING_H 1
| #define HAVE_INTTYPES_H 1
| #define HAVE_STDINT_H 1
| #define HAVE_STRINGS_H 1
| #define HAVE_SYS_STAT_H 1
| #define HAVE_SYS_TYPES_H 1
| #define HAVE_UNISTD_H 1
| #define HAVE_WCHAR_H 1
| #define STDC_HEADERS 1
| #define _ALL_SOURCE 1
| #define _DARWIN_C_SOURCE 1
| #define _GNU_SOURCE 1
| #define _HPUX_ALT_XOPEN_SOCKET_API 1
| #define _NETBSD_SOURCE 1
| #define _OPENBSD_SOURCE 1
| #define _POSIX_PTHREAD_SEMANTICS 1
| #define __STDC_WANT_IEC_60559_ATTRIBS_EXT__ 1
| #define __STDC_WANT_IEC_60559_BFP_EXT__ 1
| #define __STDC_WANT_IEC_60559_DFP_EXT__ 1
| #define __STDC_WANT_IEC_60559_FUNCS_EXT__ 1
| #define __STDC_WANT_IEC_60559_TYPES_EXT__ 1
| #define __STDC_WANT_LIB_EXT2__ 1
| #define __STDC_WANT_MATH_SPEC_FUNCS__ 1
| #define _TANDEM_SOURCE 1
| #define __EXTENSIONS__ 1
| #define HAVE_DIRENT_H 1
| #define HAVE_STDLIB_H 1
| #define HAVE_STRING_H 1
| #define HAVE_STRINGS_H 1
| #define HAVE_SYS_PARAM_H 1
| #define HAVE_SYS_TIME_H 1
| #define HAVE_SYS_UTSNAME_H 1
| #define HAVE_UNISTD_H 1
| #define MAJOR_IN_SYSMACROS 1
| #define HAVE_EXECINFO_H 1
| #define HAVE_MBSTATE_T 1
| #define HAVE_ATTR_ALLOC_SIZE 1
| #define HAVE_ATTR_ACCESS 1
| #define HAVE_ATTR_NONNULL 1
| #define HAVE_CLOCK_GETTIME 1
| #define HAVE_DLADDR 1
| #define HAVE_FACCESSAT 1
| #define HAVE_FSTATAT 1
| #define HAVE_MEMFD_CREATE 1
| #define HAVE_OPENAT 1
| #define HAVE_READLINKAT 1
| #define HAVE_SCHED_GETSCHEDULER 1
| #define HAVE_SCHED_SETSCHEDULER 1
| #define HAVE_STRCHRNUL 1
| /* end confdefs.h.  */
| 
| /* Override any GCC internal prototype to avoid an error.
|    Use char because int might match the return type of a GCC
|    builtin and then its argument prototype would still apply.  */
| char waddwstr ();
| int
| main (void)
| {
| return waddwstr ();
|   ;
|   return 0;
| }
configure:8206: result: no
configure:8238: checking for waddwstr in -lncursesw
configure:8263: gcc -o conftest -g -O2 -I//home/vin/Desktop/Practice/HPC-InterestGroup/htop-3.3.0/include  conftest.c -lncursesw
         -L/home/vin/anaconda3/lib -Wl,-O2 -Wl,--sort-common -Wl,--disable-new-dtags -Wl,--gc-sections -Wl,-rpath,/home/vin/anaconda3/lib -Wl,-rpath-link,/home/vin/anaconda3/lib -lncursesw -ltinfow
       -lm  >&5
configure:8263: $? = 0
configure:8273: result: yes
configure:8583: checking for ncursesw/curses.h
configure:8583: gcc -c -g -O2 -I//home/vin/Desktop/Practice/HPC-InterestGroup/htop-3.3.0/include conftest.c >&5
configure:8583: $? = 0
configure:8583: result: yes
configure:8629: checking for ncursesw/term.h
configure:8629: gcc -c -g -O2 -I//home/vin/Desktop/Practice/HPC-InterestGroup/htop-3.3.0/include conftest.c >&5
configure:8629: $? = 0
configure:8629: result: yes
configure:8664: checking for library containing keypad
configure:8694: gcc -o conftest -g -O2 -I//home/vin/Desktop/Practice/HPC-InterestGroup/htop-3.3.0/include  conftest.c -L/home/vin/anaconda3/lib -Wl,-O2 -Wl,--sort-common -Wl,--disable-new-dtags -Wl,--gc-sections -Wl,-rpath,/home/vin/anaconda3/lib -Wl,-rpath-link,/home/vin/anaconda3/lib -lncursesw -ltinfow -lm   >&5
configure:8694: $? = 0
configure:8714: result: none required
configure:9210: checking for set_escdelay
configure:9210: gcc -o conftest -g -O2 -I//home/vin/Desktop/Practice/HPC-InterestGroup/htop-3.3.0/include  conftest.c -L/home/vin/anaconda3/lib -Wl,-O2 -Wl,--sort-common -Wl,--disable-new-dtags -Wl,--gc-sections -Wl,-rpath,/home/vin/anaconda3/lib -Wl,-rpath-link,/home/vin/anaconda3/lib -lncursesw -ltinfow -lm   >&5
configure:9210: $? = 0
configure:9210: result: yes
configure:9217: checking for getmouse
configure:9217: gcc -o conftest -g -O2 -I//home/vin/Desktop/Practice/HPC-InterestGroup/htop-3.3.0/include  conftest.c -L/home/vin/anaconda3/lib -Wl,-O2 -Wl,--sort-common -Wl,--disable-new-dtags -Wl,--gc-sections -Wl,-rpath,/home/vin/anaconda3/lib -Wl,-rpath-link,/home/vin/anaconda3/lib -lncursesw -ltinfow -lm   >&5
configure:9217: $? = 0
configure:9217: result: yes
configure:9238: checking for usable sched_setaffinity
configure:9265: gcc -o conftest -g -O2 -I//home/vin/Desktop/Practice/HPC-InterestGroup/htop-3.3.0/include  conftest.c -L/home/vin/anaconda3/lib -Wl,-O2 -Wl,--sort-common -Wl,--disable-new-dtags -Wl,--gc-sections -Wl,-rpath,/home/vin/anaconda3/lib -Wl,-rpath-link,/home/vin/anaconda3/lib -lncursesw -ltinfow -lm   >&5
configure:9265: $? = 0
configure:9265: ./conftest
configure:9265: $? = 0
configure:9268: result: yes
configure:9347: checking for backtrace in -lunwind
configure:9370: gcc -o conftest -g -O2 -I//home/vin/Desktop/Practice/HPC-InterestGroup/htop-3.3.0/include  conftest.c -lunwind  -L/home/vin/anaconda3/lib -Wl,-O2 -Wl,--sort-common -Wl,--disable-new-dtags -Wl,--gc-sections -Wl,-rpath,/home/vin/anaconda3/lib -Wl,-rpath-link,/home/vin/anaconda3/lib -lncursesw -ltinfow -lm   >&5
/usr/bin/ld: cannot find -lunwind: No such file or directory
collect2: error: ld returned 1 exit status
configure:9370: $? = 1
configure: failed program was:
| /* confdefs.h */
| #define PACKAGE_NAME "htop"
| #define PACKAGE_TARNAME "htop"
| #define PACKAGE_VERSION "3.3.0"
| #define PACKAGE_STRING "htop 3.3.0"
| #define PACKAGE_BUGREPORT "htop@groups.io"
| #define PACKAGE_URL "https://htop.dev/"
| #define PACKAGE "htop"
| #define VERSION "3.3.0"
| #define HTOP_LINUX /**/
| #define HAVE_STDIO_H 1
| #define HAVE_STDLIB_H 1
| #define HAVE_STRING_H 1
| #define HAVE_INTTYPES_H 1
| #define HAVE_STDINT_H 1
| #define HAVE_STRINGS_H 1
| #define HAVE_SYS_STAT_H 1
| #define HAVE_SYS_TYPES_H 1
| #define HAVE_UNISTD_H 1
| #define HAVE_WCHAR_H 1
| #define STDC_HEADERS 1
| #define _ALL_SOURCE 1
| #define _DARWIN_C_SOURCE 1
| #define _GNU_SOURCE 1
| #define _HPUX_ALT_XOPEN_SOCKET_API 1
| #define _NETBSD_SOURCE 1
| #define _OPENBSD_SOURCE 1
| #define _POSIX_PTHREAD_SEMANTICS 1
| #define __STDC_WANT_IEC_60559_ATTRIBS_EXT__ 1
| #define __STDC_WANT_IEC_60559_BFP_EXT__ 1
| #define __STDC_WANT_IEC_60559_DFP_EXT__ 1
| #define __STDC_WANT_IEC_60559_FUNCS_EXT__ 1
| #define __STDC_WANT_IEC_60559_TYPES_EXT__ 1
| #define __STDC_WANT_LIB_EXT2__ 1
| #define __STDC_WANT_MATH_SPEC_FUNCS__ 1
| #define _TANDEM_SOURCE 1
| #define __EXTENSIONS__ 1
| #define HAVE_DIRENT_H 1
| #define HAVE_STDLIB_H 1
| #define HAVE_STRING_H 1
| #define HAVE_STRINGS_H 1
| #define HAVE_SYS_PARAM_H 1
| #define HAVE_SYS_TIME_H 1
| #define HAVE_SYS_UTSNAME_H 1
| #define HAVE_UNISTD_H 1
| #define MAJOR_IN_SYSMACROS 1
| #define HAVE_EXECINFO_H 1
| #define HAVE_MBSTATE_T 1
| #define HAVE_ATTR_ALLOC_SIZE 1
| #define HAVE_ATTR_ACCESS 1
| #define HAVE_ATTR_NONNULL 1
| #define HAVE_CLOCK_GETTIME 1
| #define HAVE_DLADDR 1
| #define HAVE_FACCESSAT 1
| #define HAVE_FSTATAT 1
| #define HAVE_MEMFD_CREATE 1
| #define HAVE_OPENAT 1
| #define HAVE_READLINKAT 1
| #define HAVE_SCHED_GETSCHEDULER 1
| #define HAVE_SCHED_SETSCHEDULER 1
| #define HAVE_STRCHRNUL 1
| #define HAVE_LIBNCURSESW 1
| #define HAVE_NCURSESW_CURSES_H 1
| #define HAVE_NCURSESW_TERM_H 1
| #define HAVE_SET_ESCDELAY 1
| #define HAVE_GETMOUSE 1
| #define HAVE_AFFINITY 1
| /* end confdefs.h.  */
| 
| /* Override any GCC internal prototype to avoid an error.
|    Use char because int might match the return type of a GCC
|    builtin and then its argument prototype would still apply.  */
| char backtrace ();
| int
| main (void)
| {
| return backtrace ();
|   ;
|   return 0;
| }
configure:9380: result: no
configure:9394: checking for libunwind.h
configure:9394: gcc -c -g -O2 -I//home/vin/Desktop/Practice/HPC-InterestGroup/htop-3.3.0/include conftest.c >&5
conftest.c:97:10: fatal error: libunwind.h: No such file or directory
   97 | #include <libunwind.h>
      |          ^~~~~~~~~~~~~
compilation terminated.
configure:9394: $? = 1
configure: failed program was:
| /* confdefs.h */
| #define PACKAGE_NAME "htop"
| #define PACKAGE_TARNAME "htop"
| #define PACKAGE_VERSION "3.3.0"
| #define PACKAGE_STRING "htop 3.3.0"
| #define PACKAGE_BUGREPORT "htop@groups.io"
| #define PACKAGE_URL "https://htop.dev/"
| #define PACKAGE "htop"
| #define VERSION "3.3.0"
| #define HTOP_LINUX /**/
| #define HAVE_STDIO_H 1
| #define HAVE_STDLIB_H 1
| #define HAVE_STRING_H 1
| #define HAVE_INTTYPES_H 1
| #define HAVE_STDINT_H 1
| #define HAVE_STRINGS_H 1
| #define HAVE_SYS_STAT_H 1
| #define HAVE_SYS_TYPES_H 1
| #define HAVE_UNISTD_H 1
| #define HAVE_WCHAR_H 1
| #define STDC_HEADERS 1
| #define _ALL_SOURCE 1
| #define _DARWIN_C_SOURCE 1
| #define _GNU_SOURCE 1
| #define _HPUX_ALT_XOPEN_SOCKET_API 1
| #define _NETBSD_SOURCE 1
| #define _OPENBSD_SOURCE 1
| #define _POSIX_PTHREAD_SEMANTICS 1
| #define __STDC_WANT_IEC_60559_ATTRIBS_EXT__ 1
| #define __STDC_WANT_IEC_60559_BFP_EXT__ 1
| #define __STDC_WANT_IEC_60559_DFP_EXT__ 1
| #define __STDC_WANT_IEC_60559_FUNCS_EXT__ 1
| #define __STDC_WANT_IEC_60559_TYPES_EXT__ 1
| #define __STDC_WANT_LIB_EXT2__ 1
| #define __STDC_WANT_MATH_SPEC_FUNCS__ 1
| #define _TANDEM_SOURCE 1
| #define __EXTENSIONS__ 1
| #define HAVE_DIRENT_H 1
| #define HAVE_STDLIB_H 1
| #define HAVE_STRING_H 1
| #define HAVE_STRINGS_H 1
| #define HAVE_SYS_PARAM_H 1
| #define HAVE_SYS_TIME_H 1
| #define HAVE_SYS_UTSNAME_H 1
| #define HAVE_UNISTD_H 1
| #define MAJOR_IN_SYSMACROS 1
| #define HAVE_EXECINFO_H 1
| #define HAVE_MBSTATE_T 1
| #define HAVE_ATTR_ALLOC_SIZE 1
| #define HAVE_ATTR_ACCESS 1
| #define HAVE_ATTR_NONNULL 1
| #define HAVE_CLOCK_GETTIME 1
| #define HAVE_DLADDR 1
| #define HAVE_FACCESSAT 1
| #define HAVE_FSTATAT 1
| #define HAVE_MEMFD_CREATE 1
| #define HAVE_OPENAT 1
| #define HAVE_READLINKAT 1
| #define HAVE_SCHED_GETSCHEDULER 1
| #define HAVE_SCHED_SETSCHEDULER 1
| #define HAVE_STRCHRNUL 1
| #define HAVE_LIBNCURSESW 1
| #define HAVE_NCURSESW_CURSES_H 1
| #define HAVE_NCURSESW_TERM_H 1
| #define HAVE_SET_ESCDELAY 1
| #define HAVE_GETMOUSE 1
| #define HAVE_AFFINITY 1
| /* end confdefs.h.  */
| #include <stddef.h>
| #ifdef HAVE_STDIO_H
| # include <stdio.h>
| #endif
| #ifdef HAVE_STDLIB_H
| # include <stdlib.h>
| #endif
| #ifdef HAVE_STRING_H
| # include <string.h>
| #endif
| #ifdef HAVE_INTTYPES_H
| # include <inttypes.h>
| #endif
| #ifdef HAVE_STDINT_H
| # include <stdint.h>
| #endif
| #ifdef HAVE_STRINGS_H
| # include <strings.h>
| #endif
| #ifdef HAVE_SYS_TYPES_H
| # include <sys/types.h>
| #endif
| #ifdef HAVE_SYS_STAT_H
| # include <sys/stat.h>
| #endif
| #ifdef HAVE_UNISTD_H
| # include <unistd.h>
| #endif
| #include <libunwind.h>
configure:9394: result: no
configure:9405: checking for libunwind/libunwind.h
configure:9405: gcc -c -g -O2 -I/usr/include/libunwind -I//home/vin/Desktop/Practice/HPC-InterestGroup/htop-3.3.0/include conftest.c >&5
conftest.c:97:10: fatal error: libunwind/libunwind.h: No such file or directory
   97 | #include <libunwind/libunwind.h>
      |          ^~~~~~~~~~~~~~~~~~~~~~~
compilation terminated.
configure:9405: $? = 1
configure: failed program was:
| /* confdefs.h */
| #define PACKAGE_NAME "htop"
| #define PACKAGE_TARNAME "htop"
| #define PACKAGE_VERSION "3.3.0"
| #define PACKAGE_STRING "htop 3.3.0"
| #define PACKAGE_BUGREPORT "htop@groups.io"
| #define PACKAGE_URL "https://htop.dev/"
| #define PACKAGE "htop"
| #define VERSION "3.3.0"
| #define HTOP_LINUX /**/
| #define HAVE_STDIO_H 1
| #define HAVE_STDLIB_H 1
| #define HAVE_STRING_H 1
| #define HAVE_INTTYPES_H 1
| #define HAVE_STDINT_H 1
| #define HAVE_STRINGS_H 1
| #define HAVE_SYS_STAT_H 1
| #define HAVE_SYS_TYPES_H 1
| #define HAVE_UNISTD_H 1
| #define HAVE_WCHAR_H 1
| #define STDC_HEADERS 1
| #define _ALL_SOURCE 1
| #define _DARWIN_C_SOURCE 1
| #define _GNU_SOURCE 1
| #define _HPUX_ALT_XOPEN_SOCKET_API 1
| #define _NETBSD_SOURCE 1
| #define _OPENBSD_SOURCE 1
| #define _POSIX_PTHREAD_SEMANTICS 1
| #define __STDC_WANT_IEC_60559_ATTRIBS_EXT__ 1
| #define __STDC_WANT_IEC_60559_BFP_EXT__ 1
| #define __STDC_WANT_IEC_60559_DFP_EXT__ 1
| #define __STDC_WANT_IEC_60559_FUNCS_EXT__ 1
| #define __STDC_WANT_IEC_60559_TYPES_EXT__ 1
| #define __STDC_WANT_LIB_EXT2__ 1
| #define __STDC_WANT_MATH_SPEC_FUNCS__ 1
| #define _TANDEM_SOURCE 1
| #define __EXTENSIONS__ 1
| #define HAVE_DIRENT_H 1
| #define HAVE_STDLIB_H 1
| #define HAVE_STRING_H 1
| #define HAVE_STRINGS_H 1
| #define HAVE_SYS_PARAM_H 1
| #define HAVE_SYS_TIME_H 1
| #define HAVE_SYS_UTSNAME_H 1
| #define HAVE_UNISTD_H 1
| #define MAJOR_IN_SYSMACROS 1
| #define HAVE_EXECINFO_H 1
| #define HAVE_MBSTATE_T 1
| #define HAVE_ATTR_ALLOC_SIZE 1
| #define HAVE_ATTR_ACCESS 1
| #define HAVE_ATTR_NONNULL 1
| #define HAVE_CLOCK_GETTIME 1
| #define HAVE_DLADDR 1
| #define HAVE_FACCESSAT 1
| #define HAVE_FSTATAT 1
| #define HAVE_MEMFD_CREATE 1
| #define HAVE_OPENAT 1
| #define HAVE_READLINKAT 1
| #define HAVE_SCHED_GETSCHEDULER 1
| #define HAVE_SCHED_SETSCHEDULER 1
| #define HAVE_STRCHRNUL 1
| #define HAVE_LIBNCURSESW 1
| #define HAVE_NCURSESW_CURSES_H 1
| #define HAVE_NCURSESW_TERM_H 1
| #define HAVE_SET_ESCDELAY 1
| #define HAVE_GETMOUSE 1
| #define HAVE_AFFINITY 1
| /* end confdefs.h.  */
| #include <stddef.h>
| #ifdef HAVE_STDIO_H
| # include <stdio.h>
| #endif
| #ifdef HAVE_STDLIB_H
| # include <stdlib.h>
| #endif
| #ifdef HAVE_STRING_H
| # include <string.h>
| #endif
| #ifdef HAVE_INTTYPES_H
| # include <inttypes.h>
| #endif
| #ifdef HAVE_STDINT_H
| # include <stdint.h>
| #endif
| #ifdef HAVE_STRINGS_H
| # include <strings.h>
| #endif
| #ifdef HAVE_SYS_TYPES_H
| # include <sys/types.h>
| #endif
| #ifdef HAVE_SYS_STAT_H
| # include <sys/stat.h>
| #endif
| #ifdef HAVE_UNISTD_H
| # include <unistd.h>
| #endif
| #include <libunwind/libunwind.h>
configure:9405: result: no
configure:9504: checking for library containing backtrace
configure:9534: gcc -o conftest -g -O2 -I//home/vin/Desktop/Practice/HPC-InterestGroup/htop-3.3.0/include  conftest.c -L/home/vin/anaconda3/lib -Wl,-O2 -Wl,--sort-common -Wl,--disable-new-dtags -Wl,--gc-sections -Wl,-rpath,/home/vin/anaconda3/lib -Wl,-rpath-link,/home/vin/anaconda3/lib -lncursesw -ltinfow -lm   >&5
configure:9534: $? = 0
configure:9554: result: none required
configure:9750: checking for cap_init in -lcap
configure:9773: gcc -o conftest -g -O2 -I//home/vin/Desktop/Practice/HPC-InterestGroup/htop-3.3.0/include  conftest.c -lcap  -L/home/vin/anaconda3/lib -Wl,-O2 -Wl,--sort-common -Wl,--disable-new-dtags -Wl,--gc-sections -Wl,-rpath,/home/vin/anaconda3/lib -Wl,-rpath-link,/home/vin/anaconda3/lib -lncursesw -ltinfow -lm   >&5
/usr/bin/ld: cannot find -lcap: No such file or directory
collect2: error: ld returned 1 exit status
configure:9773: $? = 1
configure: failed program was:
| /* confdefs.h */
| #define PACKAGE_NAME "htop"
| #define PACKAGE_TARNAME "htop"
| #define PACKAGE_VERSION "3.3.0"
| #define PACKAGE_STRING "htop 3.3.0"
| #define PACKAGE_BUGREPORT "htop@groups.io"
| #define PACKAGE_URL "https://htop.dev/"
| #define PACKAGE "htop"
| #define VERSION "3.3.0"
| #define HTOP_LINUX /**/
| #define HAVE_STDIO_H 1
| #define HAVE_STDLIB_H 1
| #define HAVE_STRING_H 1
| #define HAVE_INTTYPES_H 1
| #define HAVE_STDINT_H 1
| #define HAVE_STRINGS_H 1
| #define HAVE_SYS_STAT_H 1
| #define HAVE_SYS_TYPES_H 1
| #define HAVE_UNISTD_H 1
| #define HAVE_WCHAR_H 1
| #define STDC_HEADERS 1
| #define _ALL_SOURCE 1
| #define _DARWIN_C_SOURCE 1
| #define _GNU_SOURCE 1
| #define _HPUX_ALT_XOPEN_SOCKET_API 1
| #define _NETBSD_SOURCE 1
| #define _OPENBSD_SOURCE 1
| #define _POSIX_PTHREAD_SEMANTICS 1
| #define __STDC_WANT_IEC_60559_ATTRIBS_EXT__ 1
| #define __STDC_WANT_IEC_60559_BFP_EXT__ 1
| #define __STDC_WANT_IEC_60559_DFP_EXT__ 1
| #define __STDC_WANT_IEC_60559_FUNCS_EXT__ 1
| #define __STDC_WANT_IEC_60559_TYPES_EXT__ 1
| #define __STDC_WANT_LIB_EXT2__ 1
| #define __STDC_WANT_MATH_SPEC_FUNCS__ 1
| #define _TANDEM_SOURCE 1
| #define __EXTENSIONS__ 1
| #define HAVE_DIRENT_H 1
| #define HAVE_STDLIB_H 1
| #define HAVE_STRING_H 1
| #define HAVE_STRINGS_H 1
| #define HAVE_SYS_PARAM_H 1
| #define HAVE_SYS_TIME_H 1
| #define HAVE_SYS_UTSNAME_H 1
| #define HAVE_UNISTD_H 1
| #define MAJOR_IN_SYSMACROS 1
| #define HAVE_EXECINFO_H 1
| #define HAVE_MBSTATE_T 1
| #define HAVE_ATTR_ALLOC_SIZE 1
| #define HAVE_ATTR_ACCESS 1
| #define HAVE_ATTR_NONNULL 1
| #define HAVE_CLOCK_GETTIME 1
| #define HAVE_DLADDR 1
| #define HAVE_FACCESSAT 1
| #define HAVE_FSTATAT 1
| #define HAVE_MEMFD_CREATE 1
| #define HAVE_OPENAT 1
| #define HAVE_READLINKAT 1
| #define HAVE_SCHED_GETSCHEDULER 1
| #define HAVE_SCHED_SETSCHEDULER 1
| #define HAVE_STRCHRNUL 1
| #define HAVE_LIBNCURSESW 1
| #define HAVE_NCURSESW_CURSES_H 1
| #define HAVE_NCURSESW_TERM_H 1
| #define HAVE_SET_ESCDELAY 1
| #define HAVE_GETMOUSE 1
| #define HAVE_AFFINITY 1
| #define OSRELEASEFILE "/etc/os-release"
| #define PROCDIR "/proc"
| /* end confdefs.h.  */
| 
| /* Override any GCC internal prototype to avoid an error.
|    Use char because int might match the return type of a GCC
|    builtin and then its argument prototype would still apply.  */
| char cap_init ();
| int
| main (void)
| {
| return cap_init ();
|   ;
|   return 0;
| }
configure:9783: result: no
configure:9797: checking for sys/capability.h
configure:9797: gcc -c -g -O2 -I//home/vin/Desktop/Practice/HPC-InterestGroup/htop-3.3.0/include conftest.c >&5
conftest.c:99:10: fatal error: sys/capability.h: No such file or directory
   99 | #include <sys/capability.h>
      |          ^~~~~~~~~~~~~~~~~~
compilation terminated.
configure:9797: $? = 1
configure: failed program was:
| /* confdefs.h */
| #define PACKAGE_NAME "htop"
| #define PACKAGE_TARNAME "htop"
| #define PACKAGE_VERSION "3.3.0"
| #define PACKAGE_STRING "htop 3.3.0"
| #define PACKAGE_BUGREPORT "htop@groups.io"
| #define PACKAGE_URL "https://htop.dev/"
| #define PACKAGE "htop"
| #define VERSION "3.3.0"
| #define HTOP_LINUX /**/
| #define HAVE_STDIO_H 1
| #define HAVE_STDLIB_H 1
| #define HAVE_STRING_H 1
| #define HAVE_INTTYPES_H 1
| #define HAVE_STDINT_H 1
| #define HAVE_STRINGS_H 1
| #define HAVE_SYS_STAT_H 1
| #define HAVE_SYS_TYPES_H 1
| #define HAVE_UNISTD_H 1
| #define HAVE_WCHAR_H 1
| #define STDC_HEADERS 1
| #define _ALL_SOURCE 1
| #define _DARWIN_C_SOURCE 1
| #define _GNU_SOURCE 1
| #define _HPUX_ALT_XOPEN_SOCKET_API 1
| #define _NETBSD_SOURCE 1
| #define _OPENBSD_SOURCE 1
| #define _POSIX_PTHREAD_SEMANTICS 1
| #define __STDC_WANT_IEC_60559_ATTRIBS_EXT__ 1
| #define __STDC_WANT_IEC_60559_BFP_EXT__ 1
| #define __STDC_WANT_IEC_60559_DFP_EXT__ 1
| #define __STDC_WANT_IEC_60559_FUNCS_EXT__ 1
| #define __STDC_WANT_IEC_60559_TYPES_EXT__ 1
| #define __STDC_WANT_LIB_EXT2__ 1
| #define __STDC_WANT_MATH_SPEC_FUNCS__ 1
| #define _TANDEM_SOURCE 1
| #define __EXTENSIONS__ 1
| #define HAVE_DIRENT_H 1
| #define HAVE_STDLIB_H 1
| #define HAVE_STRING_H 1
| #define HAVE_STRINGS_H 1
| #define HAVE_SYS_PARAM_H 1
| #define HAVE_SYS_TIME_H 1
| #define HAVE_SYS_UTSNAME_H 1
| #define HAVE_UNISTD_H 1
| #define MAJOR_IN_SYSMACROS 1
| #define HAVE_EXECINFO_H 1
| #define HAVE_MBSTATE_T 1
| #define HAVE_ATTR_ALLOC_SIZE 1
| #define HAVE_ATTR_ACCESS 1
| #define HAVE_ATTR_NONNULL 1
| #define HAVE_CLOCK_GETTIME 1
| #define HAVE_DLADDR 1
| #define HAVE_FACCESSAT 1
| #define HAVE_FSTATAT 1
| #define HAVE_MEMFD_CREATE 1
| #define HAVE_OPENAT 1
| #define HAVE_READLINKAT 1
| #define HAVE_SCHED_GETSCHEDULER 1
| #define HAVE_SCHED_SETSCHEDULER 1
| #define HAVE_STRCHRNUL 1
| #define HAVE_LIBNCURSESW 1
| #define HAVE_NCURSESW_CURSES_H 1
| #define HAVE_NCURSESW_TERM_H 1
| #define HAVE_SET_ESCDELAY 1
| #define HAVE_GETMOUSE 1
| #define HAVE_AFFINITY 1
| #define OSRELEASEFILE "/etc/os-release"
| #define PROCDIR "/proc"
| /* end confdefs.h.  */
| #include <stddef.h>
| #ifdef HAVE_STDIO_H
| # include <stdio.h>
| #endif
| #ifdef HAVE_STDLIB_H
| # include <stdlib.h>
| #endif
| #ifdef HAVE_STRING_H
| # include <string.h>
| #endif
| #ifdef HAVE_INTTYPES_H
| # include <inttypes.h>
| #endif
| #ifdef HAVE_STDINT_H
| # include <stdint.h>
| #endif
| #ifdef HAVE_STRINGS_H
| # include <strings.h>
| #endif
| #ifdef HAVE_SYS_TYPES_H
| # include <sys/types.h>
| #endif
| #ifdef HAVE_SYS_STAT_H
| # include <sys/stat.h>
| #endif
| #ifdef HAVE_UNISTD_H
| # include <unistd.h>
| #endif
| #include <sys/capability.h>
configure:9797: result: no
configure:9892: Linux delay accounting support can not be enabled, cause pkg-config is required for checking its availability
configure:9972: checking for sensors/sensors.h
configure:9972: gcc -c -g -O2 -I//home/vin/Desktop/Practice/HPC-InterestGroup/htop-3.3.0/include conftest.c >&5
conftest.c:99:10: fatal error: sensors/sensors.h: No such file or directory
   99 | #include <sensors/sensors.h>
      |          ^~~~~~~~~~~~~~~~~~~
compilation terminated.
configure:9972: $? = 1
configure: failed program was:
| /* confdefs.h */
| #define PACKAGE_NAME "htop"
| #define PACKAGE_TARNAME "htop"
| #define PACKAGE_VERSION "3.3.0"
| #define PACKAGE_STRING "htop 3.3.0"
| #define PACKAGE_BUGREPORT "htop@groups.io"
| #define PACKAGE_URL "https://htop.dev/"
| #define PACKAGE "htop"
| #define VERSION "3.3.0"
| #define HTOP_LINUX /**/
| #define HAVE_STDIO_H 1
| #define HAVE_STDLIB_H 1
| #define HAVE_STRING_H 1
| #define HAVE_INTTYPES_H 1
| #define HAVE_STDINT_H 1
| #define HAVE_STRINGS_H 1
| #define HAVE_SYS_STAT_H 1
| #define HAVE_SYS_TYPES_H 1
| #define HAVE_UNISTD_H 1
| #define HAVE_WCHAR_H 1
| #define STDC_HEADERS 1
| #define _ALL_SOURCE 1
| #define _DARWIN_C_SOURCE 1
| #define _GNU_SOURCE 1
| #define _HPUX_ALT_XOPEN_SOCKET_API 1
| #define _NETBSD_SOURCE 1
| #define _OPENBSD_SOURCE 1
| #define _POSIX_PTHREAD_SEMANTICS 1
| #define __STDC_WANT_IEC_60559_ATTRIBS_EXT__ 1
| #define __STDC_WANT_IEC_60559_BFP_EXT__ 1
| #define __STDC_WANT_IEC_60559_DFP_EXT__ 1
| #define __STDC_WANT_IEC_60559_FUNCS_EXT__ 1
| #define __STDC_WANT_IEC_60559_TYPES_EXT__ 1
| #define __STDC_WANT_LIB_EXT2__ 1
| #define __STDC_WANT_MATH_SPEC_FUNCS__ 1
| #define _TANDEM_SOURCE 1
| #define __EXTENSIONS__ 1
| #define HAVE_DIRENT_H 1
| #define HAVE_STDLIB_H 1
| #define HAVE_STRING_H 1
| #define HAVE_STRINGS_H 1
| #define HAVE_SYS_PARAM_H 1
| #define HAVE_SYS_TIME_H 1
| #define HAVE_SYS_UTSNAME_H 1
| #define HAVE_UNISTD_H 1
| #define MAJOR_IN_SYSMACROS 1
| #define HAVE_EXECINFO_H 1
| #define HAVE_MBSTATE_T 1
| #define HAVE_ATTR_ALLOC_SIZE 1
| #define HAVE_ATTR_ACCESS 1
| #define HAVE_ATTR_NONNULL 1
| #define HAVE_CLOCK_GETTIME 1
| #define HAVE_DLADDR 1
| #define HAVE_FACCESSAT 1
| #define HAVE_FSTATAT 1
| #define HAVE_MEMFD_CREATE 1
| #define HAVE_OPENAT 1
| #define HAVE_READLINKAT 1
| #define HAVE_SCHED_GETSCHEDULER 1
| #define HAVE_SCHED_SETSCHEDULER 1
| #define HAVE_STRCHRNUL 1
| #define HAVE_LIBNCURSESW 1
| #define HAVE_NCURSESW_CURSES_H 1
| #define HAVE_NCURSESW_TERM_H 1
| #define HAVE_SET_ESCDELAY 1
| #define HAVE_GETMOUSE 1
| #define HAVE_AFFINITY 1
| #define OSRELEASEFILE "/etc/os-release"
| #define PROCDIR "/proc"
| /* end confdefs.h.  */
| #include <stddef.h>
| #ifdef HAVE_STDIO_H
| # include <stdio.h>
| #endif
| #ifdef HAVE_STDLIB_H
| # include <stdlib.h>
| #endif
| #ifdef HAVE_STRING_H
| # include <string.h>
| #endif
| #ifdef HAVE_INTTYPES_H
| # include <inttypes.h>
| #endif
| #ifdef HAVE_STDINT_H
| # include <stdint.h>
| #endif
| #ifdef HAVE_STRINGS_H
| # include <strings.h>
| #endif
| #ifdef HAVE_SYS_TYPES_H
| # include <sys/types.h>
| #endif
| #ifdef HAVE_SYS_STAT_H
| # include <sys/stat.h>
| #endif
| #ifdef HAVE_UNISTD_H
| # include <unistd.h>
| #endif
| #include <sensors/sensors.h>
configure:9972: result: no
configure:10081: checking whether C compiler accepts -Wextra-semi-stmt
configure:10101: gcc -c -g -O2 -Werror=unknown-warning-option -Wextra-semi-stmt -I//home/vin/Desktop/Practice/HPC-InterestGroup/htop-3.3.0/include conftest.c >&5
gcc: error: unrecognized command-line option '-Wextra-semi-stmt'; did you mean '-Wextra-semi'?
configure:10101: $? = 1
configure: failed program was:
| /* confdefs.h */
| #define PACKAGE_NAME "htop"
| #define PACKAGE_TARNAME "htop"
| #define PACKAGE_VERSION "3.3.0"
| #define PACKAGE_STRING "htop 3.3.0"
| #define PACKAGE_BUGREPORT "htop@groups.io"
| #define PACKAGE_URL "https://htop.dev/"
| #define PACKAGE "htop"
| #define VERSION "3.3.0"
| #define HTOP_LINUX /**/
| #define HAVE_STDIO_H 1
| #define HAVE_STDLIB_H 1
| #define HAVE_STRING_H 1
| #define HAVE_INTTYPES_H 1
| #define HAVE_STDINT_H 1
| #define HAVE_STRINGS_H 1
| #define HAVE_SYS_STAT_H 1
| #define HAVE_SYS_TYPES_H 1
| #define HAVE_UNISTD_H 1
| #define HAVE_WCHAR_H 1
| #define STDC_HEADERS 1
| #define _ALL_SOURCE 1
| #define _DARWIN_C_SOURCE 1
| #define _GNU_SOURCE 1
| #define _HPUX_ALT_XOPEN_SOCKET_API 1
| #define _NETBSD_SOURCE 1
| #define _OPENBSD_SOURCE 1
| #define _POSIX_PTHREAD_SEMANTICS 1
| #define __STDC_WANT_IEC_60559_ATTRIBS_EXT__ 1
| #define __STDC_WANT_IEC_60559_BFP_EXT__ 1
| #define __STDC_WANT_IEC_60559_DFP_EXT__ 1
| #define __STDC_WANT_IEC_60559_FUNCS_EXT__ 1
| #define __STDC_WANT_IEC_60559_TYPES_EXT__ 1
| #define __STDC_WANT_LIB_EXT2__ 1
| #define __STDC_WANT_MATH_SPEC_FUNCS__ 1
| #define _TANDEM_SOURCE 1
| #define __EXTENSIONS__ 1
| #define HAVE_DIRENT_H 1
| #define HAVE_STDLIB_H 1
| #define HAVE_STRING_H 1
| #define HAVE_STRINGS_H 1
| #define HAVE_SYS_PARAM_H 1
| #define HAVE_SYS_TIME_H 1
| #define HAVE_SYS_UTSNAME_H 1
| #define HAVE_UNISTD_H 1
| #define MAJOR_IN_SYSMACROS 1
| #define HAVE_EXECINFO_H 1
| #define HAVE_MBSTATE_T 1
| #define HAVE_ATTR_ALLOC_SIZE 1
| #define HAVE_ATTR_ACCESS 1
| #define HAVE_ATTR_NONNULL 1
| #define HAVE_CLOCK_GETTIME 1
| #define HAVE_DLADDR 1
| #define HAVE_FACCESSAT 1
| #define HAVE_FSTATAT 1
| #define HAVE_MEMFD_CREATE 1
| #define HAVE_OPENAT 1
| #define HAVE_READLINKAT 1
| #define HAVE_SCHED_GETSCHEDULER 1
| #define HAVE_SCHED_SETSCHEDULER 1
| #define HAVE_STRCHRNUL 1
| #define HAVE_LIBNCURSESW 1
| #define HAVE_NCURSESW_CURSES_H 1
| #define HAVE_NCURSESW_TERM_H 1
| #define HAVE_SET_ESCDELAY 1
| #define HAVE_GETMOUSE 1
| #define HAVE_AFFINITY 1
| #define OSRELEASEFILE "/etc/os-release"
| #define PROCDIR "/proc"
| /* end confdefs.h.  */
| 
| int
| main (void)
| {
| 
|   ;
|   return 0;
| }
configure:10110: result: no
configure:10119: checking whether C compiler accepts -Wimplicit-int-conversion
configure:10139: gcc -c -g -O2 -Werror -Wimplicit-int-conversion -I//home/vin/Desktop/Practice/HPC-InterestGroup/htop-3.3.0/include conftest.c >&5
gcc: error: unrecognized command-line option '-Wimplicit-int-conversion'; did you mean '-Wno-int-conversion'?
configure:10139: $? = 1
configure: failed program was:
| /* confdefs.h */
| #define PACKAGE_NAME "htop"
| #define PACKAGE_TARNAME "htop"
| #define PACKAGE_VERSION "3.3.0"
| #define PACKAGE_STRING "htop 3.3.0"
| #define PACKAGE_BUGREPORT "htop@groups.io"
| #define PACKAGE_URL "https://htop.dev/"
| #define PACKAGE "htop"
| #define VERSION "3.3.0"
| #define HTOP_LINUX /**/
| #define HAVE_STDIO_H 1
| #define HAVE_STDLIB_H 1
| #define HAVE_STRING_H 1
| #define HAVE_INTTYPES_H 1
| #define HAVE_STDINT_H 1
| #define HAVE_STRINGS_H 1
| #define HAVE_SYS_STAT_H 1
| #define HAVE_SYS_TYPES_H 1
| #define HAVE_UNISTD_H 1
| #define HAVE_WCHAR_H 1
| #define STDC_HEADERS 1
| #define _ALL_SOURCE 1
| #define _DARWIN_C_SOURCE 1
| #define _GNU_SOURCE 1
| #define _HPUX_ALT_XOPEN_SOCKET_API 1
| #define _NETBSD_SOURCE 1
| #define _OPENBSD_SOURCE 1
| #define _POSIX_PTHREAD_SEMANTICS 1
| #define __STDC_WANT_IEC_60559_ATTRIBS_EXT__ 1
| #define __STDC_WANT_IEC_60559_BFP_EXT__ 1
| #define __STDC_WANT_IEC_60559_DFP_EXT__ 1
| #define __STDC_WANT_IEC_60559_FUNCS_EXT__ 1
| #define __STDC_WANT_IEC_60559_TYPES_EXT__ 1
| #define __STDC_WANT_LIB_EXT2__ 1
| #define __STDC_WANT_MATH_SPEC_FUNCS__ 1
| #define _TANDEM_SOURCE 1
| #define __EXTENSIONS__ 1
| #define HAVE_DIRENT_H 1
| #define HAVE_STDLIB_H 1
| #define HAVE_STRING_H 1
| #define HAVE_STRINGS_H 1
| #define HAVE_SYS_PARAM_H 1
| #define HAVE_SYS_TIME_H 1
| #define HAVE_SYS_UTSNAME_H 1
| #define HAVE_UNISTD_H 1
| #define MAJOR_IN_SYSMACROS 1
| #define HAVE_EXECINFO_H 1
| #define HAVE_MBSTATE_T 1
| #define HAVE_ATTR_ALLOC_SIZE 1
| #define HAVE_ATTR_ACCESS 1
| #define HAVE_ATTR_NONNULL 1
| #define HAVE_CLOCK_GETTIME 1
| #define HAVE_DLADDR 1
| #define HAVE_FACCESSAT 1
| #define HAVE_FSTATAT 1
| #define HAVE_MEMFD_CREATE 1
| #define HAVE_OPENAT 1
| #define HAVE_READLINKAT 1
| #define HAVE_SCHED_GETSCHEDULER 1
| #define HAVE_SCHED_SETSCHEDULER 1
| #define HAVE_STRCHRNUL 1
| #define HAVE_LIBNCURSESW 1
| #define HAVE_NCURSESW_CURSES_H 1
| #define HAVE_NCURSESW_TERM_H 1
| #define HAVE_SET_ESCDELAY 1
| #define HAVE_GETMOUSE 1
| #define HAVE_AFFINITY 1
| #define OSRELEASEFILE "/etc/os-release"
| #define PROCDIR "/proc"
| /* end confdefs.h.  */
| 
| int
| main (void)
| {
| 
|   ;
|   return 0;
| }
configure:10148: result: no
configure:10158: checking whether C compiler accepts -Wnull-dereference
configure:10178: gcc -c -g -O2 -Werror -Wnull-dereference -I//home/vin/Desktop/Practice/HPC-InterestGroup/htop-3.3.0/include conftest.c >&5
configure:10178: $? = 0
configure:10187: result: yes
configure:10229: gcc -c -g -O2 -I//home/vin/Desktop/Practice/HPC-InterestGroup/htop-3.3.0/include conftest.c >&5
configure:10229: $? = 0
configure:10440: checking that generated files are newer than configure
configure:10446: result: done
configure:10509: creating ./config.status

## ---------------------- ##
## Running config.status. ##
## ---------------------- ##

This file was extended by htop config.status 3.3.0, which was
generated by GNU Autoconf 2.71.  Invocation command line was

  CONFIG_FILES    = 
  CONFIG_HEADERS  = 
  CONFIG_LINKS    = 
  CONFIG_COMMANDS = 
  $ ./config.status 

on vin

config.status:935: creating Makefile
config.status:935: creating htop.1
config.status:935: creating config.h
config.status:1116: config.h is unchanged
config.status:1164: executing depfiles commands
config.status:1241: cd .       && sed -e '/# am--include-marker/d' Makefile         | make -f - am--depfiles
make: Nothing to be done for 'am--depfiles'.
config.status:1246: $? = 0
configure:11840: result:
  htop 3.3.0

  platform:                  linux
  os-release file:           /etc/os-release
  (Linux) proc directory:    /proc
  (Linux) openvz:            no
  (Linux) vserver:           no
  (Linux) ancient vserver:   no
  (Linux) delay accounting:  no
  (Linux) sensors:           no
  (Linux) capabilities:      no
  unicode:                   yes
  affinity:                  yes
  unwind:                    no
  hwloc:                     no
  debug:                     no
  static:                    no


## ---------------- ##
## Cache variables. ##
## ---------------- ##

ac_cv_build=x86_64-pc-linux-gnu
ac_cv_c_compiler_gnu=yes
ac_cv_c_uint16_t=yes
ac_cv_c_uint32_t=yes
ac_cv_c_uint64_t=yes
ac_cv_c_uint8_t=yes
ac_cv_env_CC_set=
ac_cv_env_CC_value=
ac_cv_env_CFLAGS_set=
ac_cv_env_CFLAGS_value=
ac_cv_env_CPPFLAGS_set=set
ac_cv_env_CPPFLAGS_value=-I//home/vin/Desktop/Practice/HPC-InterestGroup/htop-3.3.0/include
ac_cv_env_CPP_set=
ac_cv_env_CPP_value=
ac_cv_env_LDFLAGS_set=
ac_cv_env_LDFLAGS_value=
ac_cv_env_LIBS_set=
ac_cv_env_LIBS_value=
ac_cv_env_build_alias_set=
ac_cv_env_build_alias_value=
ac_cv_env_host_alias_set=
ac_cv_env_host_alias_value=
ac_cv_env_target_alias_set=
ac_cv_env_target_alias_value=
ac_cv_func_clock_gettime=yes
ac_cv_func_dladdr=yes
ac_cv_func_faccessat=yes
ac_cv_func_fstatat=yes
ac_cv_func_getmouse=yes
ac_cv_func_host_get_clock_service=no
ac_cv_func_memfd_create=yes
ac_cv_func_openat=yes
ac_cv_func_readlinkat=yes
ac_cv_func_sched_getscheduler=yes
ac_cv_func_sched_setscheduler=yes
ac_cv_func_set_escdelay=yes
ac_cv_func_strchrnul=yes
ac_cv_header_dirent_dirent_h=yes
ac_cv_header_execinfo_h=yes
ac_cv_header_inttypes_h=yes
ac_cv_header_libunwind_h=no
ac_cv_header_libunwind_libunwind_h=no
ac_cv_header_minix_config_h=no
ac_cv_header_ncursesw_curses_h=yes
ac_cv_header_ncursesw_term_h=yes
ac_cv_header_sensors_sensors_h=no
ac_cv_header_stdint_h=yes
ac_cv_header_stdio_h=yes
ac_cv_header_stdlib_h=yes
ac_cv_header_string_h=yes
ac_cv_header_strings_h=yes
ac_cv_header_sys_capability_h=no
ac_cv_header_sys_mkdev_h=no
ac_cv_header_sys_param_h=yes
ac_cv_header_sys_stat_h=yes
ac_cv_header_sys_sysmacros_h=yes
ac_cv_header_sys_time_h=yes
ac_cv_header_sys_types_h=yes
ac_cv_header_sys_utsname_h=yes
ac_cv_header_unistd_h=yes
ac_cv_header_wchar_h=yes
ac_cv_host=x86_64-pc-linux-gnu
ac_cv_lib_cap_cap_init=no
ac_cv_lib_ncursesw6_waddwstr=no
ac_cv_lib_ncursesw_waddwstr=yes
ac_cv_lib_unwind_backtrace=no
ac_cv_objext=o
ac_cv_path_EGREP='/usr/bin/grep -E'
ac_cv_path_GREP=/usr/bin/grep
ac_cv_path_install='/usr/bin/install -c'
ac_cv_path_mkdir=/usr/bin/mkdir
ac_cv_prog_AWK=mawk
ac_cv_prog_CPP='gcc -E'
ac_cv_prog_ac_ct_CC=gcc
ac_cv_prog_cc_c11=
ac_cv_prog_cc_g=yes
ac_cv_prog_cc_stdc=
ac_cv_prog_make_make_set=yes
ac_cv_safe_to_define___extensions__=yes
ac_cv_search_backtrace='none required'
ac_cv_search_ceil=-lm
ac_cv_search_clock_gettime='none required'
ac_cv_search_dlopen='none required'
ac_cv_search_keypad='none required'
ac_cv_search_opendir='none required'
ac_cv_should_define__xopen_source=no
ac_cv_sys_file_offset_bits=no
ac_cv_sys_largefile_CC=no
ac_cv_type_mbstate_t=yes
ac_cv_type_mode_t=yes
ac_cv_type_off_t=yes
ac_cv_type_pid_t=yes
ac_cv_type_size_t=yes
ac_cv_type_ssize_t=yes
ac_cv_type_uid_t=yes
am_cv_CC_dependencies_compiler_type=gcc3
am_cv_make_support_nested_variables=yes
am_cv_prog_cc_c_o=yes
ax_cv_check_cflags__Werror__Wimplicit_int_conversion=no
ax_cv_check_cflags__Werror__Wnull_dereference=yes
ax_cv_check_cflags__Werror_unknown_warning_option__Wextra_semi_stmt=no

## ----------------- ##
## Output variables. ##
## ----------------- ##

ACLOCAL='${SHELL} '\''/home/vin/Desktop/Practice/HPC-InterestGroup/htop-3.3.0/build-aux/missing'\'' aclocal-1.16'
AMDEPBACKSLASH='\'
AMDEP_FALSE='#'
AMDEP_TRUE=''
AMTAR='$${TAR-tar}'
AM_BACKSLASH='\'
AM_CFLAGS='-std=c99 -pedantic -D_GNU_SOURCE -DNCURSES_WIDECHAR -I/home/vin/anaconda3/include/ncursesw -I/home/vin/anaconda3/include -Wall -Wcast-align -Wcast-qual -Wextra -Wfloat-equal -Wformat=2 -Winit-self -Wmissing-format-attribute -Wmissing-noreturn -Wmissing-prototypes -Wpointer-arith -Wshadow -Wstrict-prototypes -Wundef -Wunused -Wwrite-strings -Wnull-dereference'
AM_CPPFLAGS=' -DNDEBUG'
AM_DEFAULT_V='$(AM_DEFAULT_VERBOSITY)'
AM_DEFAULT_VERBOSITY='1'
AM_V='$(V)'
AUTOCONF='${SHELL} '\''/home/vin/Desktop/Practice/HPC-InterestGroup/htop-3.3.0/build-aux/missing'\'' autoconf'
AUTOHEADER='${SHELL} '\''/home/vin/Desktop/Practice/HPC-InterestGroup/htop-3.3.0/build-aux/missing'\'' autoheader'
AUTOMAKE='${SHELL} '\''/home/vin/Desktop/Practice/HPC-InterestGroup/htop-3.3.0/build-aux/missing'\'' automake-1.16'
AWK='mawk'
CC='gcc'
CCDEPMODE='depmode=gcc3'
CFLAGS='-g -O2'
CPP='gcc -E'
CPPFLAGS='-I//home/vin/Desktop/Practice/HPC-InterestGroup/htop-3.3.0/include'
CSCOPE='cscope'
CTAGS='ctags'
CYGPATH_W='echo'
DEFS='-DHAVE_CONFIG_H'
DEPDIR='.deps'
ECHO_C=''
ECHO_N='-n'
ECHO_T=''
EGREP='/usr/bin/grep -E'
ETAGS='etags'
EXEEXT=''
GREP='/usr/bin/grep'
HTOP_DARWIN_FALSE=''
HTOP_DARWIN_TRUE='#'
HTOP_DRAGONFLYBSD_FALSE=''
HTOP_DRAGONFLYBSD_TRUE='#'
HTOP_FREEBSD_FALSE=''
HTOP_FREEBSD_TRUE='#'
HTOP_LINUX_FALSE='#'
HTOP_LINUX_TRUE=''
HTOP_NETBSD_FALSE=''
HTOP_NETBSD_TRUE='#'
HTOP_OPENBSD_FALSE=''
HTOP_OPENBSD_TRUE='#'
HTOP_PCP_FALSE=''
HTOP_PCP_TRUE='#'
HTOP_SOLARIS_FALSE=''
HTOP_SOLARIS_TRUE='#'
HTOP_UNSUPPORTED_FALSE=''
HTOP_UNSUPPORTED_TRUE='#'
INSTALL_DATA='${INSTALL} -m 644'
INSTALL_PROGRAM='${INSTALL}'
INSTALL_SCRIPT='${INSTALL}'
INSTALL_STRIP_PROGRAM='$(install_sh) -c -s'
LDFLAGS=''
LIBOBJS=''
LIBS='-L/home/vin/anaconda3/lib -Wl,-O2 -Wl,--sort-common -Wl,--disable-new-dtags -Wl,--gc-sections -Wl,-rpath,/home/vin/anaconda3/lib -Wl,-rpath-link,/home/vin/anaconda3/lib -lncursesw -ltinfow -lm  '
LTLIBOBJS=''
MAKEINFO='${SHELL} '\''/home/vin/Desktop/Practice/HPC-InterestGroup/htop-3.3.0/build-aux/missing'\'' makeinfo'
MKDIR_P='/usr/bin/mkdir -p'
OBJEXT='o'
PACKAGE='htop'
PACKAGE_BUGREPORT='htop@groups.io'
PACKAGE_NAME='htop'
PACKAGE_STRING='htop 3.3.0'
PACKAGE_TARNAME='htop'
PACKAGE_URL='https://htop.dev/'
PACKAGE_VERSION='3.3.0'
PATH_SEPARATOR=':'
SET_MAKE=''
SHELL='/bin/bash'
STRIP=''
VERSION='3.3.0'
ac_ct_CC='gcc'
am__EXEEXT_FALSE=''
am__EXEEXT_TRUE='#'
am__fastdepCC_FALSE='#'
am__fastdepCC_TRUE=''
am__include='include'
am__isrc=''
am__leading_dot='.'
am__nodep='_no'
am__quote=''
am__tar='$${TAR-tar} chof - "$$tardir"'
am__untar='$${TAR-tar} xf -'
bindir='${exec_prefix}/bin'
build='x86_64-pc-linux-gnu'
build_alias=''
build_cpu='x86_64'
build_os='linux-gnu'
build_vendor='pc'
datadir='${datarootdir}'
datarootdir='${prefix}/share'
docdir='${datarootdir}/doc/${PACKAGE_TARNAME}'
dvidir='${docdir}'
exec_prefix='${prefix}'
host='x86_64-pc-linux-gnu'
host_alias=''
host_cpu='x86_64'
host_os='linux-gnu'
host_vendor='pc'
htmldir='${docdir}'
includedir='${prefix}/include'
infodir='${datarootdir}/info'
install_sh='${SHELL} /home/vin/Desktop/Practice/HPC-InterestGroup/htop-3.3.0/build-aux/install-sh'
libdir='${exec_prefix}/lib'
libexecdir='${exec_prefix}/libexec'
localedir='${datarootdir}/locale'
localstatedir='${prefix}/var'
mandir='${datarootdir}/man'
mkdir_p='$(MKDIR_P)'
my_htop_platform='linux'
oldincludedir='/usr/include'
pdfdir='${docdir}'
prefix='/home/vin/Desktop/Practice/HPC-InterestGroup/htop-3.3.0'
program_transform_name='s,x,x,'
psdir='${docdir}'
runstatedir='${localstatedir}/run'
sbindir='${exec_prefix}/sbin'
sharedstatedir='${prefix}/com'
sysconfdir='${prefix}/etc'
target_alias=''

## ----------- ##
## confdefs.h. ##
## ----------- ##

/* confdefs.h */
#define PACKAGE_NAME "htop"
#define PACKAGE_TARNAME "htop"
#define PACKAGE_VERSION "3.3.0"
#define PACKAGE_STRING "htop 3.3.0"
#define PACKAGE_BUGREPORT "htop@groups.io"
#define PACKAGE_URL "https://htop.dev/"
#define PACKAGE "htop"
#define VERSION "3.3.0"
#define HTOP_LINUX /**/
#define HAVE_STDIO_H 1
#define HAVE_STDLIB_H 1
#define HAVE_STRING_H 1
#define HAVE_INTTYPES_H 1
#define HAVE_STDINT_H 1
#define HAVE_STRINGS_H 1
#define HAVE_SYS_STAT_H 1
#define HAVE_SYS_TYPES_H 1
#define HAVE_UNISTD_H 1
#define HAVE_WCHAR_H 1
#define STDC_HEADERS 1
#define _ALL_SOURCE 1
#define _DARWIN_C_SOURCE 1
#define _GNU_SOURCE 1
#define _HPUX_ALT_XOPEN_SOCKET_API 1
#define _NETBSD_SOURCE 1
#define _OPENBSD_SOURCE 1
#define _POSIX_PTHREAD_SEMANTICS 1
#define __STDC_WANT_IEC_60559_ATTRIBS_EXT__ 1
#define __STDC_WANT_IEC_60559_BFP_EXT__ 1
#define __STDC_WANT_IEC_60559_DFP_EXT__ 1
#define __STDC_WANT_IEC_60559_FUNCS_EXT__ 1
#define __STDC_WANT_IEC_60559_TYPES_EXT__ 1
#define __STDC_WANT_LIB_EXT2__ 1
#define __STDC_WANT_MATH_SPEC_FUNCS__ 1
#define _TANDEM_SOURCE 1
#define __EXTENSIONS__ 1
#define HAVE_DIRENT_H 1
#define HAVE_STDLIB_H 1
#define HAVE_STRING_H 1
#define HAVE_STRINGS_H 1
#define HAVE_SYS_PARAM_H 1
#define HAVE_SYS_TIME_H 1
#define HAVE_SYS_UTSNAME_H 1
#define HAVE_UNISTD_H 1
#define MAJOR_IN_SYSMACROS 1
#define HAVE_EXECINFO_H 1
#define HAVE_MBSTATE_T 1
#define HAVE_ATTR_ALLOC_SIZE 1
#define HAVE_ATTR_ACCESS 1
#define HAVE_ATTR_NONNULL 1
#define HAVE_CLOCK_GETTIME 1
#define HAVE_DLADDR 1
#define HAVE_FACCESSAT 1
#define HAVE_FSTATAT 1
#define HAVE_MEMFD_CREATE 1
#define HAVE_OPENAT 1
#define HAVE_READLINKAT 1
#define HAVE_SCHED_GETSCHEDULER 1
#define HAVE_SCHED_SETSCHEDULER 1
#define HAVE_STRCHRNUL 1
#define HAVE_LIBNCURSESW 1
#define HAVE_NCURSESW_CURSES_H 1
#define HAVE_NCURSESW_TERM_H 1
#define HAVE_SET_ESCDELAY 1
#define HAVE_GETMOUSE 1
#define HAVE_AFFINITY 1
#define OSRELEASEFILE "/etc/os-release"
#define PROCDIR "/proc"
#define COPYRIGHT "(C) 2004-2019 Hisham Muhammad. (C) 2020-2024 htop dev team."

configure: exit 0
